{"/home/travis/build/npmtest/node-npmtest-angular-material-data-table/test.js":{"path":"/home/travis/build/npmtest/node-npmtest-angular-material-data-table/test.js","s":{"1":2,"2":2,"3":2,"4":2,"5":2,"6":2,"7":2,"8":1,"9":2,"10":2,"11":1,"12":1,"13":1,"14":1,"15":2,"16":2,"17":2,"18":2,"19":1,"20":1,"21":2,"22":2,"23":2,"24":1,"25":1,"26":1,"27":1,"28":1,"29":1,"30":1,"31":1,"32":1,"33":1,"34":1,"35":1,"36":1,"37":1,"38":1,"39":2,"40":2,"41":1,"42":2,"43":2,"44":1,"45":2,"46":2,"47":1,"48":2,"49":2,"50":1,"51":1,"52":1,"53":1,"54":1},"b":{"1":[2,1,1,1],"2":[1,1,1,1],"3":[1,1],"4":[1,1],"5":[1,1],"6":[1,1],"7":[1,1],"8":[1,1],"9":[1,1],"10":[1,1,1],"11":[1,1],"12":[1,1],"13":[1,1],"14":[1,1],"15":[1,1],"16":[1,1],"17":[1,1]},"f":{"1":2,"2":2,"3":2,"4":2,"5":2,"6":1,"7":1,"8":1,"9":2,"10":2,"11":2,"12":2,"13":1},"fnMap":{"1":{"name":"(anonymous_1)","line":12,"loc":{"start":{"line":12,"column":1},"end":{"line":12,"column":13}}},"2":{"name":"(anonymous_2)","line":19,"loc":{"start":{"line":19,"column":5},"end":{"line":19,"column":17}}},"3":{"name":"(anonymous_3)","line":23,"loc":{"start":{"line":23,"column":24},"end":{"line":23,"column":36}}},"4":{"name":"(anonymous_4)","line":61,"loc":{"start":{"line":61,"column":5},"end":{"line":61,"column":17}}},"5":{"name":"(anonymous_5)","line":82,"loc":{"start":{"line":82,"column":5},"end":{"line":82,"column":17}}},"6":{"name":"(anonymous_6)","line":91,"loc":{"start":{"line":91,"column":77},"end":{"line":94,"column":10}}},"7":{"name":"(anonymous_7)","line":112,"loc":{"start":{"line":112,"column":83},"end":{"line":115,"column":10}},"skip":true},"8":{"name":"(anonymous_8)","line":123,"loc":{"start":{"line":123,"column":77},"end":{"line":126,"column":10}},"skip":true},"9":{"name":"(anonymous_9)","line":139,"loc":{"start":{"line":139,"column":12},"end":{"line":139,"column":40}},"skip":true},"10":{"name":"(anonymous_10)","line":147,"loc":{"start":{"line":147,"column":77},"end":{"line":150,"column":10}},"skip":true},"11":{"name":"(anonymous_11)","line":158,"loc":{"start":{"line":158,"column":83},"end":{"line":161,"column":10}},"skip":true},"12":{"name":"(anonymous_12)","line":169,"loc":{"start":{"line":169,"column":79},"end":{"line":172,"column":10}},"skip":true},"13":{"name":"(anonymous_13)","line":180,"loc":{"start":{"line":180,"column":75},"end":{"line":183,"column":10}},"skip":true}},"statementMap":{"1":{"start":{"line":12,"column":0},"end":{"line":195,"column":5}},"2":{"start":{"line":14,"column":4},"end":{"line":14,"column":14}},"3":{"start":{"line":19,"column":4},"end":{"line":56,"column":9}},"4":{"start":{"line":21,"column":8},"end":{"line":21,"column":19}},"5":{"start":{"line":23,"column":8},"end":{"line":35,"column":13}},"6":{"start":{"line":24,"column":12},"end":{"line":34,"column":13}},"7":{"start":{"line":25,"column":16},"end":{"line":28,"column":30}},"8":{"start":{"line":30,"column":16},"end":{"line":33,"column":27}},"9":{"start":{"line":37,"column":8},"end":{"line":39,"column":21}},"10":{"start":{"line":40,"column":8},"end":{"line":53,"column":9}},"11":{"start":{"line":43,"column":12},"end":{"line":46,"column":14}},"12":{"start":{"line":47,"column":12},"end":{"line":47,"column":18}},"13":{"start":{"line":50,"column":12},"end":{"line":51,"column":46}},"14":{"start":{"line":52,"column":12},"end":{"line":52,"column":18}},"15":{"start":{"line":55,"column":8},"end":{"line":55,"column":35}},"16":{"start":{"line":61,"column":4},"end":{"line":63,"column":9}},"17":{"start":{"line":62,"column":8},"end":{"line":62,"column":15}},"18":{"start":{"line":64,"column":4},"end":{"line":77,"column":5}},"19":{"start":{"line":70,"column":8},"end":{"line":70,"column":14}},"20":{"start":{"line":76,"column":8},"end":{"line":76,"column":14}},"21":{"start":{"line":82,"column":4},"end":{"line":84,"column":9}},"22":{"start":{"line":83,"column":8},"end":{"line":83,"column":15}},"23":{"start":{"line":85,"column":4},"end":{"line":194,"column":5}},"24":{"start":{"line":91,"column":8},"end":{"line":99,"column":10}},"25":{"start":{"line":98,"column":12},"end":{"line":98,"column":35}},"26":{"start":{"line":102,"column":8},"end":{"line":104,"column":63}},"27":{"start":{"line":105,"column":8},"end":{"line":105,"column":14}},"28":{"start":{"line":112,"column":8},"end":{"line":121,"column":10},"skip":true},"29":{"start":{"line":119,"column":12},"end":{"line":119,"column":55},"skip":true},"30":{"start":{"line":120,"column":12},"end":{"line":120,"column":48},"skip":true},"31":{"start":{"line":123,"column":8},"end":{"line":136,"column":10},"skip":true},"32":{"start":{"line":130,"column":12},"end":{"line":130,"column":76},"skip":true},"33":{"start":{"line":131,"column":12},"end":{"line":131,"column":73},"skip":true},"34":{"start":{"line":132,"column":12},"end":{"line":132,"column":74},"skip":true},"35":{"start":{"line":133,"column":12},"end":{"line":133,"column":79},"skip":true},"36":{"start":{"line":134,"column":12},"end":{"line":134,"column":25},"skip":true},"37":{"start":{"line":135,"column":12},"end":{"line":135,"column":45},"skip":true},"38":{"start":{"line":138,"column":8},"end":{"line":145,"column":14},"skip":true},"39":{"start":{"line":143,"column":16},"end":{"line":143,"column":29},"skip":true},"40":{"start":{"line":144,"column":16},"end":{"line":144,"column":55},"skip":true},"41":{"start":{"line":147,"column":8},"end":{"line":156,"column":10},"skip":true},"42":{"start":{"line":154,"column":12},"end":{"line":154,"column":25},"skip":true},"43":{"start":{"line":155,"column":12},"end":{"line":155,"column":45},"skip":true},"44":{"start":{"line":158,"column":8},"end":{"line":167,"column":10},"skip":true},"45":{"start":{"line":165,"column":12},"end":{"line":165,"column":25},"skip":true},"46":{"start":{"line":166,"column":12},"end":{"line":166,"column":48},"skip":true},"47":{"start":{"line":169,"column":8},"end":{"line":178,"column":10},"skip":true},"48":{"start":{"line":176,"column":12},"end":{"line":176,"column":25},"skip":true},"49":{"start":{"line":177,"column":12},"end":{"line":177,"column":46},"skip":true},"50":{"start":{"line":180,"column":8},"end":{"line":189,"column":10},"skip":true},"51":{"start":{"line":187,"column":12},"end":{"line":187,"column":94},"skip":true},"52":{"start":{"line":188,"column":12},"end":{"line":188,"column":48},"skip":true},"53":{"start":{"line":192,"column":8},"end":{"line":192,"column":35},"skip":true},"54":{"start":{"line":193,"column":8},"end":{"line":193,"column":14},"skip":true}},"branchMap":{"1":{"line":25,"type":"binary-expr","locations":[{"start":{"line":25,"column":23},"end":{"line":25,"column":62}},{"start":{"line":26,"column":20},"end":{"line":26,"column":70}},{"start":{"line":27,"column":20},"end":{"line":27,"column":71}},{"start":{"line":28,"column":20},"end":{"line":28,"column":29}}]},"2":{"line":30,"type":"binary-expr","locations":[{"start":{"line":30,"column":23},"end":{"line":30,"column":37}},{"start":{"line":31,"column":20},"end":{"line":31,"column":61}},{"start":{"line":32,"column":20},"end":{"line":32,"column":70}},{"start":{"line":33,"column":20},"end":{"line":33,"column":26}}]},"3":{"line":37,"type":"cond-expr","locations":[{"start":{"line":38,"column":14},"end":{"line":38,"column":20}},{"start":{"line":39,"column":14},"end":{"line":39,"column":20}}]},"4":{"line":40,"type":"switch","locations":[{"start":{"line":42,"column":8},"end":{"line":47,"column":18}},{"start":{"line":49,"column":8},"end":{"line":52,"column":18}}]},"5":{"line":44,"type":"binary-expr","locations":[{"start":{"line":44,"column":16},"end":{"line":44,"column":44}},{"start":{"line":44,"column":48},"end":{"line":44,"column":66}}]},"6":{"line":50,"type":"binary-expr","locations":[{"start":{"line":50,"column":21},"end":{"line":50,"column":49}},{"start":{"line":50,"column":53},"end":{"line":50,"column":72}}]},"7":{"line":64,"type":"switch","locations":[{"start":{"line":69,"column":4},"end":{"line":70,"column":14}},{"start":{"line":75,"column":4},"end":{"line":76,"column":14}}]},"8":{"line":85,"type":"switch","locations":[{"start":{"line":90,"column":4},"end":{"line":105,"column":14}},{"start":{"line":111,"column":4},"end":{"line":193,"column":14},"skip":true}]},"9":{"line":91,"type":"binary-expr","locations":[{"start":{"line":91,"column":42},"end":{"line":91,"column":73}},{"start":{"line":91,"column":77},"end":{"line":99,"column":9}}]},"10":{"line":102,"type":"binary-expr","locations":[{"start":{"line":102,"column":18},"end":{"line":102,"column":32}},{"start":{"line":103,"column":12},"end":{"line":103,"column":53}},{"start":{"line":104,"column":12},"end":{"line":104,"column":61}}]},"11":{"line":112,"type":"binary-expr","locations":[{"start":{"line":112,"column":45},"end":{"line":112,"column":79},"skip":true},{"start":{"line":112,"column":83},"end":{"line":121,"column":9},"skip":true}]},"12":{"line":123,"type":"binary-expr","locations":[{"start":{"line":123,"column":42},"end":{"line":123,"column":73},"skip":true},{"start":{"line":123,"column":77},"end":{"line":136,"column":9},"skip":true}]},"13":{"line":138,"type":"binary-expr","locations":[{"start":{"line":138,"column":48},"end":{"line":138,"column":85},"skip":true},{"start":{"line":139,"column":12},"end":{"line":145,"column":13},"skip":true}]},"14":{"line":147,"type":"binary-expr","locations":[{"start":{"line":147,"column":42},"end":{"line":147,"column":73},"skip":true},{"start":{"line":147,"column":77},"end":{"line":156,"column":9},"skip":true}]},"15":{"line":158,"type":"binary-expr","locations":[{"start":{"line":158,"column":45},"end":{"line":158,"column":79},"skip":true},{"start":{"line":158,"column":83},"end":{"line":167,"column":9},"skip":true}]},"16":{"line":169,"type":"binary-expr","locations":[{"start":{"line":169,"column":43},"end":{"line":169,"column":75},"skip":true},{"start":{"line":169,"column":79},"end":{"line":178,"column":9},"skip":true}]},"17":{"line":180,"type":"binary-expr","locations":[{"start":{"line":180,"column":41},"end":{"line":180,"column":71},"skip":true},{"start":{"line":180,"column":75},"end":{"line":189,"column":9},"skip":true}]}},"code":["/* istanbul instrument in package npmtest_angular_material_data_table */","/*jslint","    bitwise: true,","    browser: true,","    maxerr: 8,","    maxlen: 96,","    node: true,","    nomen: true,","    regexp: true,","    stupid: true","*/","(function () {","    'use strict';","    var local;","","","","    // run shared js-env code - pre-init","    (function () {","        // init local","        local = {};","        // init modeJs","        local.modeJs = (function () {","            try {","                return typeof navigator.userAgent === 'string' &&","                    typeof document.querySelector('body') === 'object' &&","                    typeof XMLHttpRequest.prototype.open === 'function' &&","                    'browser';","            } catch (errorCaughtBrowser) {","                return module.exports &&","                    typeof process.versions.node === 'string' &&","                    typeof require('http').createServer === 'function' &&","                    'node';","            }","        }());","        // init global","        local.global = local.modeJs === 'browser'","            ? window","            : global;","        switch (local.modeJs) {","        // re-init local from window.local","        case 'browser':","            local = local.global.utility2.objectSetDefault(","                local.global.utility2_rollup || local.global.local,","                local.global.utility2","            );","            break;","        // re-init local from example.js","        case 'node':","            local = (local.global.utility2_rollup || require('utility2'))","                .requireExampleJsFromReadme();","            break;","        }","        // export local","        local.global.local = local;","    }());","","","","    // run shared js-env code - function","    (function () {","        return;","    }());","    switch (local.modeJs) {","","","","    // run browser js-env code - function","    case 'browser':","        break;","","","","    // run node js-env code - function","    case 'node':","        break;","    }","","","","    // run shared js-env code - post-init","    (function () {","        return;","    }());","    switch (local.modeJs) {","","","","    // run browser js-env code - post-init","    case 'browser':","        local.testCase_browser_nullCase = local.testCase_browser_nullCase || function (","            options,","            onError","        ) {","        /*","         * this function will test browsers's null-case handling-behavior-behavior","         */","            onError(null, options);","        };","","        // run tests","        local.nop(local.modeTest &&","            document.querySelector('#testRunButton1') &&","            document.querySelector('#testRunButton1').click());","        break;","","","","    // run node js-env code - post-init","    /* istanbul ignore next */","    case 'node':","        local.testCase_buildApidoc_default = local.testCase_buildApidoc_default || function (","            options,","            onError","        ) {","        /*","         * this function will test buildApidoc's default handling-behavior-behavior","         */","            options = { modulePathList: module.paths };","            local.buildApidoc(options, onError);","        };","","        local.testCase_buildApp_default = local.testCase_buildApp_default || function (","            options,","            onError","        ) {","        /*","         * this function will test buildApp's default handling-behavior-behavior","         */","            local.testCase_buildReadme_default(options, local.onErrorThrow);","            local.testCase_buildLib_default(options, local.onErrorThrow);","            local.testCase_buildTest_default(options, local.onErrorThrow);","            local.testCase_buildCustomOrg_default(options, local.onErrorThrow);","            options = [];","            local.buildApp(options, onError);","        };","","        local.testCase_buildCustomOrg_default = local.testCase_buildCustomOrg_default ||","            function (options, onError) {","            /*","             * this function will test buildCustomOrg's default handling-behavior","             */","                options = {};","                local.buildCustomOrg(options, onError);","            };","","        local.testCase_buildLib_default = local.testCase_buildLib_default || function (","            options,","            onError","        ) {","        /*","         * this function will test buildLib's default handling-behavior","         */","            options = {};","            local.buildLib(options, onError);","        };","","        local.testCase_buildReadme_default = local.testCase_buildReadme_default || function (","            options,","            onError","        ) {","        /*","         * this function will test buildReadme's default handling-behavior-behavior","         */","            options = {};","            local.buildReadme(options, onError);","        };","","        local.testCase_buildTest_default = local.testCase_buildTest_default || function (","            options,","            onError","        ) {","        /*","         * this function will test buildTest's default handling-behavior","         */","            options = {};","            local.buildTest(options, onError);","        };","","        local.testCase_webpage_default = local.testCase_webpage_default || function (","            options,","            onError","        ) {","        /*","         * this function will test webpage's default handling-behavior","         */","            options = { modeCoverageMerge: true, url: local.serverLocalHost + '?modeTest=1' };","            local.browserTest(options, onError);","        };","","        // run test-server","        local.testRunServer(local);","        break;","    }","}());",""],"l":{"12":2,"14":2,"19":2,"21":2,"23":2,"24":2,"25":2,"30":1,"37":2,"40":2,"43":1,"47":1,"50":1,"52":1,"55":2,"61":2,"62":2,"64":2,"70":1,"76":1,"82":2,"83":2,"85":2,"91":1,"98":1,"102":1,"105":1,"112":1,"119":1,"120":1,"123":1,"130":1,"131":1,"132":1,"133":1,"134":1,"135":1,"138":1,"143":2,"144":2,"147":1,"154":2,"155":2,"158":1,"165":2,"166":2,"169":1,"176":2,"177":2,"180":1,"187":1,"188":1,"192":1,"193":1}},"/home/travis/build/npmtest/node-npmtest-angular-material-data-table/lib.npmtest_angular_material_data_table.js":{"path":"/home/travis/build/npmtest/node-npmtest-angular-material-data-table/lib.npmtest_angular_material_data_table.js","s":{"1":2,"2":2,"3":2,"4":2,"5":2,"6":2,"7":2,"8":1,"9":2,"10":2,"11":2,"12":2,"13":1,"14":1,"15":1,"16":1},"b":{"1":[2,1,1,1],"2":[1,1,1,1],"3":[1,1],"4":[2,2],"5":[1,1]},"f":{"1":2,"2":2,"3":2},"fnMap":{"1":{"name":"(anonymous_1)","line":12,"loc":{"start":{"line":12,"column":1},"end":{"line":12,"column":13}}},"2":{"name":"(anonymous_2)","line":19,"loc":{"start":{"line":19,"column":5},"end":{"line":19,"column":17}}},"3":{"name":"(anonymous_3)","line":23,"loc":{"start":{"line":23,"column":24},"end":{"line":23,"column":36}}}},"statementMap":{"1":{"start":{"line":12,"column":0},"end":{"line":53,"column":5}},"2":{"start":{"line":14,"column":4},"end":{"line":14,"column":14}},"3":{"start":{"line":19,"column":4},"end":{"line":52,"column":9}},"4":{"start":{"line":21,"column":8},"end":{"line":21,"column":19}},"5":{"start":{"line":23,"column":8},"end":{"line":35,"column":13}},"6":{"start":{"line":24,"column":12},"end":{"line":34,"column":13}},"7":{"start":{"line":25,"column":16},"end":{"line":28,"column":30}},"8":{"start":{"line":30,"column":16},"end":{"line":33,"column":27}},"9":{"start":{"line":37,"column":8},"end":{"line":39,"column":21}},"10":{"start":{"line":41,"column":8},"end":{"line":41,"column":54}},"11":{"start":{"line":43,"column":8},"end":{"line":43,"column":72}},"12":{"start":{"line":45,"column":8},"end":{"line":51,"column":9}},"13":{"start":{"line":46,"column":12},"end":{"line":46,"column":78}},"14":{"start":{"line":48,"column":12},"end":{"line":48,"column":35}},"15":{"start":{"line":49,"column":12},"end":{"line":49,"column":49}},"16":{"start":{"line":50,"column":12},"end":{"line":50,"column":43}}},"branchMap":{"1":{"line":25,"type":"binary-expr","locations":[{"start":{"line":25,"column":23},"end":{"line":25,"column":62}},{"start":{"line":26,"column":20},"end":{"line":26,"column":70}},{"start":{"line":27,"column":20},"end":{"line":27,"column":71}},{"start":{"line":28,"column":20},"end":{"line":28,"column":29}}]},"2":{"line":30,"type":"binary-expr","locations":[{"start":{"line":30,"column":23},"end":{"line":30,"column":37}},{"start":{"line":31,"column":20},"end":{"line":31,"column":61}},{"start":{"line":32,"column":20},"end":{"line":32,"column":70}},{"start":{"line":33,"column":20},"end":{"line":33,"column":26}}]},"3":{"line":37,"type":"cond-expr","locations":[{"start":{"line":38,"column":14},"end":{"line":38,"column":20}},{"start":{"line":39,"column":14},"end":{"line":39,"column":20}}]},"4":{"line":41,"type":"binary-expr","locations":[{"start":{"line":41,"column":16},"end":{"line":41,"column":44}},{"start":{"line":41,"column":48},"end":{"line":41,"column":53}}]},"5":{"line":45,"type":"if","locations":[{"start":{"line":45,"column":8},"end":{"line":45,"column":8}},{"start":{"line":45,"column":8},"end":{"line":45,"column":8}}]}},"code":["/* istanbul instrument in package npmtest_angular_material_data_table */","/*jslint","    bitwise: true,","    browser: true,","    maxerr: 8,","    maxlen: 96,","    node: true,","    nomen: true,","    regexp: true,","    stupid: true","*/","(function () {","    'use strict';","    var local;","","","","    // run shared js-env code - pre-init","    (function () {","        // init local","        local = {};","        // init modeJs","        local.modeJs = (function () {","            try {","                return typeof navigator.userAgent === 'string' &&","                    typeof document.querySelector('body') === 'object' &&","                    typeof XMLHttpRequest.prototype.open === 'function' &&","                    'browser';","            } catch (errorCaughtBrowser) {","                return module.exports &&","                    typeof process.versions.node === 'string' &&","                    typeof require('http').createServer === 'function' &&","                    'node';","            }","        }());","        // init global","        local.global = local.modeJs === 'browser'","            ? window","            : global;","        // init utility2_rollup","        local = local.global.utility2_rollup || local;","        // init lib","        local.local = local.npmtest_angular_material_data_table = local;","        // init exports","        if (local.modeJs === 'browser') {","            local.global.utility2_npmtest_angular_material_data_table = local;","        } else {","            module.exports = local;","            module.exports.__dirname = __dirname;","            module.exports.module = module;","        }","    }());","}());",""],"l":{"12":2,"14":2,"19":2,"21":2,"23":2,"24":2,"25":2,"30":1,"37":2,"41":2,"43":2,"45":2,"46":1,"48":1,"49":1,"50":1}},"/home/travis/build/npmtest/node-npmtest-angular-material-data-table/example.js":{"path":"/home/travis/build/npmtest/node-npmtest-angular-material-data-table/example.js","s":{"1":2,"2":2,"3":2,"4":2,"5":2,"6":2,"7":2,"8":1,"9":2,"10":2,"11":2,"12":2,"13":1,"14":2,"15":2,"16":2,"17":2,"18":2,"19":0,"20":2,"21":1,"22":1,"23":1,"24":1,"25":1,"26":0,"27":0,"28":1,"29":1,"30":2,"31":0,"32":0,"33":0,"34":1,"35":2,"36":2,"37":3,"38":3,"39":3,"40":3,"41":0,"42":3,"43":3,"44":3,"45":1,"46":3,"47":1,"48":1,"49":1,"50":1,"51":1,"52":1,"53":1,"54":1,"55":1,"56":1,"57":0,"58":1,"59":6,"60":6,"61":1,"62":2,"63":0,"64":2,"65":1,"66":1,"67":0,"68":0,"69":0,"70":0,"71":0,"72":0,"73":0,"74":0,"75":0,"76":0,"77":0,"78":0,"79":0,"80":0,"81":0,"82":0,"83":0},"b":{"1":[2,1,1,1],"2":[1,1,1,1],"3":[1,1],"4":[2,2],"5":[1,1],"6":[1,1],"7":[2,0],"8":[2,1,1,1,1,1],"9":[0,2,0],"10":[1,1],"11":[2,1,1],"12":[1,0],"13":[0,2],"14":[2,0,0,0,0,0,0],"15":[0,3],"16":[3,0],"17":[1,1],"18":[0,1],"19":[1,2,0,2],"20":[1,0],"21":[1,1],"22":[0,0],"23":[0,0],"24":[0,0],"25":[0,0],"26":[0,0],"27":[0,0],"28":[0,0]},"f":{"1":2,"2":2,"3":2,"4":2,"5":2,"6":2,"7":3,"8":3,"9":3,"10":1,"11":6,"12":0},"fnMap":{"1":{"name":"(anonymous_1)","line":26,"loc":{"start":{"line":26,"column":1},"end":{"line":26,"column":13}}},"2":{"name":"(anonymous_2)","line":33,"loc":{"start":{"line":33,"column":5},"end":{"line":33,"column":17}}},"3":{"name":"(anonymous_3)","line":37,"loc":{"start":{"line":37,"column":24},"end":{"line":37,"column":36}}},"4":{"name":"(anonymous_4)","line":69,"loc":{"start":{"line":69,"column":31},"end":{"line":69,"column":48}},"skip":true},"5":{"name":"(anonymous_5)","line":78,"loc":{"start":{"line":78,"column":26},"end":{"line":78,"column":45}},"skip":true},"6":{"name":"(anonymous_6)","line":123,"loc":{"start":{"line":123,"column":33},"end":{"line":123,"column":48}},"skip":true},"7":{"name":"(anonymous_7)","line":125,"loc":{"start":{"line":125,"column":27},"end":{"line":125,"column":39}},"skip":true},"8":{"name":"(anonymous_8)","line":133,"loc":{"start":{"line":133,"column":59},"end":{"line":133,"column":74}},"skip":true},"9":{"name":"(anonymous_9)","line":143,"loc":{"start":{"line":143,"column":45},"end":{"line":143,"column":62}},"skip":true},"10":{"name":"(anonymous_10)","line":144,"loc":{"start":{"line":144,"column":73},"end":{"line":144,"column":92}},"skip":true},"11":{"name":"(anonymous_11)","line":272,"loc":{"start":{"line":272,"column":51},"end":{"line":272,"column":77}},"skip":true},"12":{"name":"(anonymous_12)","line":315,"loc":{"start":{"line":315,"column":32},"end":{"line":315,"column":61}},"skip":true}},"statementMap":{"1":{"start":{"line":26,"column":0},"end":{"line":326,"column":5}},"2":{"start":{"line":28,"column":4},"end":{"line":28,"column":14}},"3":{"start":{"line":33,"column":4},"end":{"line":60,"column":9}},"4":{"start":{"line":35,"column":8},"end":{"line":35,"column":19}},"5":{"start":{"line":37,"column":8},"end":{"line":49,"column":13}},"6":{"start":{"line":38,"column":12},"end":{"line":48,"column":13}},"7":{"start":{"line":39,"column":16},"end":{"line":42,"column":30}},"8":{"start":{"line":44,"column":16},"end":{"line":47,"column":27}},"9":{"start":{"line":51,"column":8},"end":{"line":53,"column":21}},"10":{"start":{"line":55,"column":8},"end":{"line":57,"column":45}},"11":{"start":{"line":59,"column":8},"end":{"line":59,"column":35}},"12":{"start":{"line":61,"column":4},"end":{"line":325,"column":5}},"13":{"start":{"line":69,"column":8},"end":{"line":121,"column":10},"skip":true},"14":{"start":{"line":70,"column":12},"end":{"line":88,"column":13},"skip":true},"15":{"start":{"line":76,"column":16},"end":{"line":87,"column":19},"skip":true},"16":{"start":{"line":79,"column":20},"end":{"line":86,"column":21},"skip":true},"17":{"start":{"line":82,"column":24},"end":{"line":82,"column":43},"skip":true},"18":{"start":{"line":83,"column":24},"end":{"line":83,"column":30},"skip":true},"19":{"start":{"line":85,"column":24},"end":{"line":85,"column":49},"skip":true},"20":{"start":{"line":89,"column":12},"end":{"line":107,"column":13},"skip":true},"21":{"start":{"line":92,"column":16},"end":{"line":102,"column":17},"skip":true},"22":{"start":{"line":93,"column":20},"end":{"line":93,"column":86},"skip":true},"23":{"start":{"line":94,"column":20},"end":{"line":95,"column":45},"skip":true},"24":{"start":{"line":96,"column":20},"end":{"line":96,"column":42},"skip":true},"25":{"start":{"line":97,"column":20},"end":{"line":97,"column":48},"skip":true},"26":{"start":{"line":100,"column":20},"end":{"line":100,"column":85},"skip":true},"27":{"start":{"line":101,"column":20},"end":{"line":101,"column":96},"skip":true},"28":{"start":{"line":103,"column":16},"end":{"line":103,"column":22},"skip":true},"29":{"start":{"line":106,"column":16},"end":{"line":106,"column":22},"skip":true},"30":{"start":{"line":108,"column":12},"end":{"line":120,"column":13},"skip":true},"31":{"start":{"line":114,"column":16},"end":{"line":119,"column":17},"skip":true},"32":{"start":{"line":116,"column":20},"end":{"line":116,"column":78},"skip":true},"33":{"start":{"line":118,"column":20},"end":{"line":118,"column":47},"skip":true},"34":{"start":{"line":123,"column":8},"end":{"line":141,"column":11},"skip":true},"35":{"start":{"line":124,"column":12},"end":{"line":124,"column":54},"skip":true},"36":{"start":{"line":125,"column":12},"end":{"line":140,"column":14},"skip":true},"37":{"start":{"line":126,"column":16},"end":{"line":126,"column":28},"skip":true},"38":{"start":{"line":127,"column":16},"end":{"line":127,"column":69},"skip":true},"39":{"start":{"line":128,"column":16},"end":{"line":128,"column":75},"skip":true},"40":{"start":{"line":129,"column":16},"end":{"line":131,"column":17},"skip":true},"41":{"start":{"line":130,"column":20},"end":{"line":130,"column":27},"skip":true},"42":{"start":{"line":133,"column":16},"end":{"line":137,"column":36},"skip":true},"43":{"start":{"line":134,"column":20},"end":{"line":136,"column":55},"skip":true},"44":{"start":{"line":139,"column":16},"end":{"line":139,"column":57},"skip":true},"45":{"start":{"line":143,"column":8},"end":{"line":147,"column":11},"skip":true},"46":{"start":{"line":144,"column":12},"end":{"line":146,"column":15},"skip":true},"47":{"start":{"line":145,"column":16},"end":{"line":145,"column":70},"skip":true},"48":{"start":{"line":149,"column":8},"end":{"line":149,"column":31},"skip":true},"49":{"start":{"line":150,"column":8},"end":{"line":150,"column":14},"skip":true},"50":{"start":{"line":158,"column":8},"end":{"line":158,"column":31},"skip":true},"51":{"start":{"line":160,"column":8},"end":{"line":160,"column":33},"skip":true},"52":{"start":{"line":161,"column":8},"end":{"line":161,"column":37},"skip":true},"53":{"start":{"line":162,"column":8},"end":{"line":162,"column":35},"skip":true},"54":{"start":{"line":164,"column":8},"end":{"line":164,"column":50},"skip":true},"55":{"start":{"line":166,"column":8},"end":{"line":256,"column":2},"skip":true},"56":{"start":{"line":258,"column":8},"end":{"line":286,"column":9},"skip":true},"57":{"start":{"line":259,"column":12},"end":{"line":269,"column":14},"skip":true},"58":{"start":{"line":271,"column":12},"end":{"line":285,"column":19},"skip":true},"59":{"start":{"line":274,"column":20},"end":{"line":274,"column":35},"skip":true},"60":{"start":{"line":275,"column":20},"end":{"line":284,"column":21},"skip":true},"61":{"start":{"line":277,"column":24},"end":{"line":277,"column":64},"skip":true},"62":{"start":{"line":279,"column":24},"end":{"line":279,"column":40},"skip":true},"63":{"start":{"line":281,"column":24},"end":{"line":281,"column":40},"skip":true},"64":{"start":{"line":283,"column":24},"end":{"line":283,"column":39},"skip":true},"65":{"start":{"line":288,"column":8},"end":{"line":290,"column":9},"skip":true},"66":{"start":{"line":289,"column":12},"end":{"line":289,"column":18},"skip":true},"67":{"start":{"line":291,"column":8},"end":{"line":293,"column":54},"skip":true},"68":{"start":{"line":296,"column":8},"end":{"line":301,"column":37},"skip":true},"69":{"start":{"line":303,"column":8},"end":{"line":303,"column":82},"skip":true},"70":{"start":{"line":306,"column":8},"end":{"line":308,"column":9},"skip":true},"71":{"start":{"line":307,"column":12},"end":{"line":307,"column":82},"skip":true},"72":{"start":{"line":310,"column":8},"end":{"line":312,"column":9},"skip":true},"73":{"start":{"line":311,"column":12},"end":{"line":311,"column":18},"skip":true},"74":{"start":{"line":313,"column":8},"end":{"line":313,"column":54},"skip":true},"75":{"start":{"line":314,"column":8},"end":{"line":314,"column":69},"skip":true},"76":{"start":{"line":315,"column":8},"end":{"line":323,"column":36},"skip":true},"77":{"start":{"line":316,"column":12},"end":{"line":316,"column":61},"skip":true},"78":{"start":{"line":317,"column":12},"end":{"line":320,"column":13},"skip":true},"79":{"start":{"line":318,"column":16},"end":{"line":318,"column":75},"skip":true},"80":{"start":{"line":319,"column":16},"end":{"line":319,"column":23},"skip":true},"81":{"start":{"line":321,"column":12},"end":{"line":321,"column":38},"skip":true},"82":{"start":{"line":322,"column":12},"end":{"line":322,"column":27},"skip":true},"83":{"start":{"line":324,"column":8},"end":{"line":324,"column":14},"skip":true}},"branchMap":{"1":{"line":39,"type":"binary-expr","locations":[{"start":{"line":39,"column":23},"end":{"line":39,"column":62}},{"start":{"line":40,"column":20},"end":{"line":40,"column":70}},{"start":{"line":41,"column":20},"end":{"line":41,"column":71}},{"start":{"line":42,"column":20},"end":{"line":42,"column":29}}]},"2":{"line":44,"type":"binary-expr","locations":[{"start":{"line":44,"column":23},"end":{"line":44,"column":37}},{"start":{"line":45,"column":20},"end":{"line":45,"column":61}},{"start":{"line":46,"column":20},"end":{"line":46,"column":70}},{"start":{"line":47,"column":20},"end":{"line":47,"column":26}}]},"3":{"line":51,"type":"cond-expr","locations":[{"start":{"line":52,"column":14},"end":{"line":52,"column":20}},{"start":{"line":53,"column":14},"end":{"line":53,"column":20}}]},"4":{"line":55,"type":"binary-expr","locations":[{"start":{"line":55,"column":16},"end":{"line":55,"column":44}},{"start":{"line":55,"column":49},"end":{"line":57,"column":43}}]},"5":{"line":55,"type":"cond-expr","locations":[{"start":{"line":56,"column":14},"end":{"line":56,"column":71}},{"start":{"line":57,"column":14},"end":{"line":57,"column":43}}]},"6":{"line":61,"type":"switch","locations":[{"start":{"line":68,"column":4},"end":{"line":150,"column":14},"skip":true},{"start":{"line":156,"column":4},"end":{"line":324,"column":14},"skip":true}]},"7":{"line":70,"type":"if","locations":[{"start":{"line":70,"column":12},"end":{"line":70,"column":12},"skip":true},{"start":{"line":70,"column":12},"end":{"line":70,"column":12},"skip":true}]},"8":{"line":70,"type":"binary-expr","locations":[{"start":{"line":70,"column":16},"end":{"line":70,"column":22},"skip":true},{"start":{"line":70,"column":27},"end":{"line":70,"column":32},"skip":true},{"start":{"line":71,"column":20},"end":{"line":71,"column":39},"skip":true},{"start":{"line":72,"column":20},"end":{"line":72,"column":49},"skip":true},{"start":{"line":73,"column":20},"end":{"line":73,"column":58},"skip":true},{"start":{"line":74,"column":20},"end":{"line":74,"column":69},"skip":true}]},"9":{"line":79,"type":"switch","locations":[{"start":{"line":80,"column":20},"end":{"line":80,"column":33},"skip":true},{"start":{"line":81,"column":20},"end":{"line":83,"column":30},"skip":true},{"start":{"line":84,"column":20},"end":{"line":85,"column":49},"skip":true}]},"10":{"line":89,"type":"switch","locations":[{"start":{"line":90,"column":12},"end":{"line":103,"column":22},"skip":true},{"start":{"line":105,"column":12},"end":{"line":106,"column":22},"skip":true}]},"11":{"line":89,"type":"binary-expr","locations":[{"start":{"line":89,"column":20},"end":{"line":89,"column":25},"skip":true},{"start":{"line":89,"column":29},"end":{"line":89,"column":48},"skip":true},{"start":{"line":89,"column":52},"end":{"line":89,"column":74},"skip":true}]},"12":{"line":92,"type":"if","locations":[{"start":{"line":92,"column":16},"end":{"line":92,"column":16},"skip":true},{"start":{"line":92,"column":16},"end":{"line":92,"column":16},"skip":true}]},"13":{"line":108,"type":"if","locations":[{"start":{"line":108,"column":12},"end":{"line":108,"column":12},"skip":true},{"start":{"line":108,"column":12},"end":{"line":108,"column":12},"skip":true}]},"14":{"line":108,"type":"binary-expr","locations":[{"start":{"line":108,"column":16},"end":{"line":108,"column":61},"skip":true},{"start":{"line":108,"column":66},"end":{"line":108,"column":72},"skip":true},{"start":{"line":108,"column":77},"end":{"line":108,"column":82},"skip":true},{"start":{"line":109,"column":20},"end":{"line":109,"column":39},"skip":true},{"start":{"line":110,"column":20},"end":{"line":110,"column":49},"skip":true},{"start":{"line":111,"column":20},"end":{"line":111,"column":58},"skip":true},{"start":{"line":112,"column":20},"end":{"line":112,"column":68},"skip":true}]},"15":{"line":129,"type":"if","locations":[{"start":{"line":129,"column":16},"end":{"line":129,"column":16},"skip":true},{"start":{"line":129,"column":16},"end":{"line":129,"column":16},"skip":true}]},"16":{"line":134,"type":"cond-expr","locations":[{"start":{"line":135,"column":26},"end":{"line":135,"column":29},"skip":true},{"start":{"line":136,"column":26},"end":{"line":136,"column":54},"skip":true}]},"17":{"line":164,"type":"binary-expr","locations":[{"start":{"line":164,"column":27},"end":{"line":164,"column":43},"skip":true},{"start":{"line":164,"column":47},"end":{"line":164,"column":49},"skip":true}]},"18":{"line":258,"type":"if","locations":[{"start":{"line":258,"column":8},"end":{"line":258,"column":8},"skip":true},{"start":{"line":258,"column":8},"end":{"line":258,"column":8},"skip":true}]},"19":{"line":275,"type":"switch","locations":[{"start":{"line":276,"column":20},"end":{"line":277,"column":64},"skip":true},{"start":{"line":278,"column":20},"end":{"line":279,"column":40},"skip":true},{"start":{"line":280,"column":20},"end":{"line":281,"column":40},"skip":true},{"start":{"line":282,"column":20},"end":{"line":283,"column":39},"skip":true}]},"20":{"line":288,"type":"if","locations":[{"start":{"line":288,"column":8},"end":{"line":288,"column":8},"skip":true},{"start":{"line":288,"column":8},"end":{"line":288,"column":8},"skip":true}]},"21":{"line":288,"type":"binary-expr","locations":[{"start":{"line":288,"column":12},"end":{"line":288,"column":40},"skip":true},{"start":{"line":288,"column":44},"end":{"line":288,"column":67},"skip":true}]},"22":{"line":292,"type":"binary-expr","locations":[{"start":{"line":292,"column":12},"end":{"line":292,"column":50},"skip":true},{"start":{"line":293,"column":12},"end":{"line":293,"column":53},"skip":true}]},"23":{"line":297,"type":"binary-expr","locations":[{"start":{"line":297,"column":12},"end":{"line":297,"column":85},"skip":true},{"start":{"line":298,"column":12},"end":{"line":301,"column":36},"skip":true}]},"24":{"line":303,"type":"binary-expr","locations":[{"start":{"line":303,"column":43},"end":{"line":303,"column":75},"skip":true},{"start":{"line":303,"column":79},"end":{"line":303,"column":81},"skip":true}]},"25":{"line":306,"type":"if","locations":[{"start":{"line":306,"column":8},"end":{"line":306,"column":8},"skip":true},{"start":{"line":306,"column":8},"end":{"line":306,"column":8},"skip":true}]},"26":{"line":310,"type":"if","locations":[{"start":{"line":310,"column":8},"end":{"line":310,"column":8},"skip":true},{"start":{"line":310,"column":8},"end":{"line":310,"column":8},"skip":true}]},"27":{"line":313,"type":"binary-expr","locations":[{"start":{"line":313,"column":27},"end":{"line":313,"column":43},"skip":true},{"start":{"line":313,"column":47},"end":{"line":313,"column":53},"skip":true}]},"28":{"line":317,"type":"if","locations":[{"start":{"line":317,"column":12},"end":{"line":317,"column":12},"skip":true},{"start":{"line":317,"column":12},"end":{"line":317,"column":12},"skip":true}]}},"code":["/*","example.js","","quickstart example","","instruction","    1. save this script as example.js","    2. run the shell command:","        $ npm install npmtest-angular-material-data-table && PORT=8081 node example.js","    3. play with the browser-demo on http://127.0.0.1:8081","*/","","","","/* istanbul instrument in package npmtest_angular_material_data_table */","/*jslint","    bitwise: true,","    browser: true,","    maxerr: 8,","    maxlen: 96,","    node: true,","    nomen: true,","    regexp: true,","    stupid: true","*/","(function () {","    'use strict';","    var local;","","","","    // run shared js-env code - pre-init","    (function () {","        // init local","        local = {};","        // init modeJs","        local.modeJs = (function () {","            try {","                return typeof navigator.userAgent === 'string' &&","                    typeof document.querySelector('body') === 'object' &&","                    typeof XMLHttpRequest.prototype.open === 'function' &&","                    'browser';","            } catch (errorCaughtBrowser) {","                return module.exports &&","                    typeof process.versions.node === 'string' &&","                    typeof require('http').createServer === 'function' &&","                    'node';","            }","        }());","        // init global","        local.global = local.modeJs === 'browser'","            ? window","            : global;","        // init utility2_rollup","        local = local.global.utility2_rollup || (local.modeJs === 'browser'","            ? local.global.utility2_npmtest_angular_material_data_table","            : global.utility2_moduleExports);","        // export local","        local.global.local = local;","    }());","    switch (local.modeJs) {","","","","    // post-init","    // run browser js-env code - post-init","    /* istanbul ignore next */","    case 'browser':","        local.testRunBrowser = function (event) {","            if (!event || (event &&","                    event.currentTarget &&","                    event.currentTarget.className &&","                    event.currentTarget.className.includes &&","                    event.currentTarget.className.includes('onreset'))) {","                // reset output","                Array.from(","                    document.querySelectorAll('body > .resettable')","                ).forEach(function (element) {","                    switch (element.tagName) {","                    case 'INPUT':","                    case 'TEXTAREA':","                        element.value = '';","                        break;","                    default:","                        element.textContent = '';","                    }","                });","            }","            switch (event && event.currentTarget && event.currentTarget.id) {","            case 'testRunButton1':","                // show tests","                if (document.querySelector('#testReportDiv1').style.display === 'none') {","                    document.querySelector('#testReportDiv1').style.display = 'block';","                    document.querySelector('#testRunButton1').textContent =","                        'hide internal test';","                    local.modeTest = true;","                    local.testRunDefault(local);","                // hide tests","                } else {","                    document.querySelector('#testReportDiv1').style.display = 'none';","                    document.querySelector('#testRunButton1').textContent = 'run internal test';","                }","                break;","            // custom-case","            default:","                break;","            }","            if (document.querySelector('#inputTextareaEval1') && (!event || (event &&","                    event.currentTarget &&","                    event.currentTarget.className &&","                    event.currentTarget.className.includes &&","                    event.currentTarget.className.includes('oneval')))) {","                // try to eval input-code","                try {","                    /*jslint evil: true*/","                    eval(document.querySelector('#inputTextareaEval1').value);","                } catch (errorCaught) {","                    console.error(errorCaught);","                }","            }","        };","        // log stderr and stdout to #outputTextareaStdout1","        ['error', 'log'].forEach(function (key) {","            console[key + '_original'] = console[key];","            console[key] = function () {","                var element;","                console[key + '_original'].apply(console, arguments);","                element = document.querySelector('#outputTextareaStdout1');","                if (!element) {","                    return;","                }","                // append text to #outputTextareaStdout1","                element.value += Array.from(arguments).map(function (arg) {","                    return typeof arg === 'string'","                        ? arg","                        : JSON.stringify(arg, null, 4);","                }).join(' ') + '\\n';","                // scroll textarea to bottom","                element.scrollTop = element.scrollHeight;","            };","        });","        // init event-handling","        ['change', 'click', 'keyup'].forEach(function (event) {","            Array.from(document.querySelectorAll('.on' + event)).forEach(function (element) {","                element.addEventListener(event, local.testRunBrowser);","            });","        });","        // run tests","        local.testRunBrowser();","        break;","","","","    // run node js-env code - post-init","    /* istanbul ignore next */","    case 'node':","        // export local","        module.exports = local;","        // require modules","        local.fs = require('fs');","        local.http = require('http');","        local.url = require('url');","        // init assets","        local.assetsDict = local.assetsDict || {};","        /* jslint-ignore-begin */","        local.assetsDict['/assets.index.template.html'] = '\\","<!doctype html>\\n\\","<html lang=\"en\">\\n\\","<head>\\n\\","<meta charset=\"UTF-8\">\\n\\","<meta name=\"viewport\" content=\"width=device-width, initial-scale=1\">\\n\\","<title>{{env.npm_package_name}} (v{{env.npm_package_version}})</title>\\n\\","<style>\\n\\","/*csslint\\n\\","    box-sizing: false,\\n\\","    universal-selector: false\\n\\","*/\\n\\","* {\\n\\","    box-sizing: border-box;\\n\\","}\\n\\","body {\\n\\","    background: #dde;\\n\\","    font-family: Arial, Helvetica, sans-serif;\\n\\","    margin: 2rem;\\n\\","}\\n\\","body > * {\\n\\","    margin-bottom: 1rem;\\n\\","}\\n\\",".utility2FooterDiv {\\n\\","    margin-top: 20px;\\n\\","    text-align: center;\\n\\","}\\n\\","</style>\\n\\","<style>\\n\\","/*csslint\\n\\","*/\\n\\","textarea {\\n\\","    font-family: monospace;\\n\\","    height: 10rem;\\n\\","    width: 100%;\\n\\","}\\n\\","textarea[readonly] {\\n\\","    background: #ddd;\\n\\","}\\n\\","</style>\\n\\","</head>\\n\\","<body>\\n\\","<!-- utility2-comment\\n\\","<div id=\"ajaxProgressDiv1\" style=\"background: #d00; height: 2px; left: 0; margin: 0; padding: 0; position: fixed; top: 0; transition: background 0.5s, width 1.5s; width: 25%;\"></div>\\n\\","utility2-comment -->\\n\\","<h1>\\n\\","<!-- utility2-comment\\n\\","    <a\\n\\","        {{#if env.npm_package_homepage}}\\n\\","        href=\"{{env.npm_package_homepage}}\"\\n\\","        {{/if env.npm_package_homepage}}\\n\\","        target=\"_blank\"\\n\\","    >\\n\\","utility2-comment -->\\n\\","        {{env.npm_package_name}} (v{{env.npm_package_version}})\\n\\","<!-- utility2-comment\\n\\","    </a>\\n\\","utility2-comment -->\\n\\","</h1>\\n\\","<h3>{{env.npm_package_description}}</h3>\\n\\","<!-- utility2-comment\\n\\","<h4><a download href=\"assets.app.js\">download standalone app</a></h4>\\n\\","<button class=\"onclick onreset\" id=\"testRunButton1\">run internal test</button><br>\\n\\","<div id=\"testReportDiv1\" style=\"display: none;\"></div>\\n\\","utility2-comment -->\\n\\","\\n\\","\\n\\","\\n\\","<label>stderr and stdout</label>\\n\\","<textarea class=\"resettable\" id=\"outputTextareaStdout1\" readonly></textarea>\\n\\","<!-- utility2-comment\\n\\","{{#if isRollup}}\\n\\","<script src=\"assets.app.js\"></script>\\n\\","{{#unless isRollup}}\\n\\","utility2-comment -->\\n\\","<script src=\"assets.utility2.rollup.js\"></script>\\n\\","<script src=\"jsonp.utility2._stateInit?callback=window.utility2._stateInit\"></script>\\n\\","<script src=\"assets.npmtest_angular_material_data_table.rollup.js\"></script>\\n\\","<script src=\"assets.example.js\"></script>\\n\\","<script src=\"assets.test.js\"></script>\\n\\","<!-- utility2-comment\\n\\","{{/if isRollup}}\\n\\","utility2-comment -->\\n\\","<div class=\"utility2FooterDiv\">\\n\\","    [ this app was created with\\n\\","    <a href=\"https://github.com/kaizhu256/node-utility2\" target=\"_blank\">utility2</a>\\n\\","    ]\\n\\","</div>\\n\\","</body>\\n\\","</html>\\n\\","';","        /* jslint-ignore-end */","        if (local.templateRender) {","            local.assetsDict['/'] = local.templateRender(","                local.assetsDict['/assets.index.template.html'],","                {","                    env: local.objectSetDefault(local.env, {","                        npm_package_description: 'the greatest app in the world!',","                        npm_package_name: 'my-app',","                        npm_package_nameAlias: 'my_app',","                        npm_package_version: '0.0.1'","                    })","                }","            );","        } else {","            local.assetsDict['/'] = local.assetsDict['/assets.index.template.html']","                .replace((/\\{\\{env\\.(\\w+?)\\}\\}/g), function (match0, match1) {","                    // jslint-hack","                    String(match0);","                    switch (match1) {","                    case 'npm_package_description':","                        return 'the greatest app in the world!';","                    case 'npm_package_name':","                        return 'my-app';","                    case 'npm_package_nameAlias':","                        return 'my_app';","                    case 'npm_package_version':","                        return '0.0.1';","                    }","                });","        }","        // run the cli","        if (local.global.utility2_rollup || module !== require.main) {","            break;","        }","        local.assetsDict['/assets.example.js'] =","            local.assetsDict['/assets.example.js'] ||","            local.fs.readFileSync(__filename, 'utf8');","        // bug-workaround - long $npm_package_buildCustomOrg","        /* jslint-ignore-begin */","        local.assetsDict['/assets.npmtest_angular_material_data_table.rollup.js'] =","            local.assetsDict['/assets.npmtest_angular_material_data_table.rollup.js'] ||","            local.fs.readFileSync(","                local.npmtest_angular_material_data_table.__dirname + '/lib.npmtest_angular_material_data_table.js',","                'utf8'","            ).replace((/^#!/), '//');","        /* jslint-ignore-end */","        local.assetsDict['/favicon.ico'] = local.assetsDict['/favicon.ico'] || '';","        // if $npm_config_timeout_exit exists,","        // then exit this process after $npm_config_timeout_exit ms","        if (Number(process.env.npm_config_timeout_exit)) {","            setTimeout(process.exit, Number(process.env.npm_config_timeout_exit));","        }","        // start server","        if (local.global.utility2_serverHttp1) {","            break;","        }","        process.env.PORT = process.env.PORT || '8081';","        console.error('server starting on port ' + process.env.PORT);","        local.http.createServer(function (request, response) {","            request.urlParsed = local.url.parse(request.url);","            if (local.assetsDict[request.urlParsed.pathname] !== undefined) {","                response.end(local.assetsDict[request.urlParsed.pathname]);","                return;","            }","            response.statusCode = 404;","            response.end();","        }).listen(process.env.PORT);","        break;","    }","}());",""],"l":{"26":2,"28":2,"33":2,"35":2,"37":2,"38":2,"39":2,"44":1,"51":2,"55":2,"59":2,"61":2,"69":1,"70":2,"76":2,"79":2,"82":2,"83":2,"85":1,"89":2,"92":1,"93":1,"94":1,"96":1,"97":1,"100":1,"101":1,"103":1,"106":1,"108":2,"114":1,"116":1,"118":1,"123":1,"124":2,"125":2,"126":3,"127":3,"128":3,"129":3,"130":1,"133":3,"134":3,"139":3,"143":1,"144":3,"145":1,"149":1,"150":1,"158":1,"160":1,"161":1,"162":1,"164":1,"166":1,"258":1,"259":1,"271":1,"274":6,"275":6,"277":1,"279":2,"281":1,"283":2,"288":1,"289":1,"291":1,"296":1,"303":1,"306":1,"307":1,"310":1,"311":1,"313":1,"314":1,"315":1,"316":1,"317":1,"318":1,"319":1,"321":1,"322":1,"324":1}},"/home/travis/build/npmtest/node-npmtest-angular-material-data-table/node_modules/angular-material-data-table/index.js":{"path":"/home/travis/build/npmtest/node-npmtest-angular-material-data-table/node_modules/angular-material-data-table/index.js","s":{"1":2,"2":0,"3":0},"b":{},"f":{},"fnMap":{},"statementMap":{"1":{"start":{"line":3,"column":0},"end":{"line":3,"column":28}},"2":{"start":{"line":4,"column":0},"end":{"line":4,"column":32}},"3":{"start":{"line":6,"column":0},"end":{"line":6,"column":33}}},"branchMap":{},"code":["// support for Browserify","","require('angular-material');","require('./dist/md-data-table');","","module.exports = 'md.data.table';",""],"l":{"3":2,"4":0,"6":0}},"/home/travis/build/npmtest/node-npmtest-angular-material-data-table/node_modules/angular-material-data-table/Gruntfile.js":{"path":"/home/travis/build/npmtest/node-npmtest-angular-material-data-table/node_modules/angular-material-data-table/Gruntfile.js","s":{"1":1,"2":1,"3":0,"4":1,"5":0,"6":0,"7":0,"8":0,"9":0,"10":0,"11":0,"12":0,"13":0,"14":0},"b":{},"f":{"1":0,"2":0,"3":0,"4":0,"5":0,"6":0},"fnMap":{"1":{"name":"(anonymous_1)","line":1,"loc":{"start":{"line":1,"column":17},"end":{"line":1,"column":34}}},"2":{"name":"banner","line":4,"loc":{"start":{"line":4,"column":2},"end":{"line":4,"column":20}}},"3":{"name":"getVersion","line":14,"loc":{"start":{"line":14,"column":2},"end":{"line":14,"column":24}}},"4":{"name":"(anonymous_4)","line":56,"loc":{"start":{"line":56,"column":17},"end":{"line":56,"column":32}}},"5":{"name":"(anonymous_5)","line":98,"loc":{"start":{"line":98,"column":18},"end":{"line":98,"column":39}}},"6":{"name":"(anonymous_6)","line":180,"loc":{"start":{"line":180,"column":32},"end":{"line":180,"column":44}}}},"statementMap":{"1":{"start":{"line":1,"column":0},"end":{"line":207,"column":2}},"2":{"start":{"line":4,"column":2},"end":{"line":12,"column":3}},"3":{"start":{"line":5,"column":4},"end":{"line":11,"column":70}},"4":{"start":{"line":14,"column":2},"end":{"line":16,"column":3}},"5":{"start":{"line":15,"column":4},"end":{"line":15,"column":55}},"6":{"start":{"line":19,"column":2},"end":{"line":19,"column":65}},"7":{"start":{"line":21,"column":2},"end":{"line":178,"column":5}},"8":{"start":{"line":57,"column":10},"end":{"line":57,"column":54}},"9":{"start":{"line":99,"column":12},"end":{"line":99,"column":47}},"10":{"start":{"line":180,"column":2},"end":{"line":187,"column":5}},"11":{"start":{"line":183,"column":4},"end":{"line":183,"column":28}},"12":{"start":{"line":186,"column":4},"end":{"line":186,"column":28}},"13":{"start":{"line":189,"column":2},"end":{"line":197,"column":5}},"14":{"start":{"line":199,"column":2},"end":{"line":205,"column":5}}},"branchMap":{},"code":["module.exports = function (grunt) {","'use strict';","","  function banner() {","    return '/*\\n' +","      ' * Angular Material Data Table\\n' +","      ' * https://github.com/daniel-nagy/md-data-table\\n' +","      ' * @license MIT\\n' +","      ' * v' + getVersion() + '\\n' +","      ' */\\n' +","      '(function (window, angular, undefined) {\\n\\'use strict\\';\\n\\n';","  }","  ","  function getVersion() {","    return grunt.file.readJSON('./bower.json').version;","  }","","  // load plugins","  require('load-grunt-tasks')(grunt, {scope: 'devDependencies'});","","  grunt.initConfig({","    ","    config: {","      livereload: 35729","    },","    ","    // Add vendor prefixes","    autoprefixer: {","      options: {","        browsers: ['last 2 versions']","      },","      app: {","        files: {","          'app/app.css': 'app/app.css'","        }","      },","      build: {","        files: {","          'dist/md-data-table.css': 'dist/md-data-table.css'","        }","      }","    },","    ","    // remove generated files","    clean: {","      app: 'app/app.css',","      build: '.temp',","      dist: 'dist'","    },","","    // condense javascript into a single file","    concat: {","      options: {","        banner: banner(),","        footer: '\\n\\n})(window, angular);',","        process: function (src) {","          return src.replace(/^'use strict';\\s*/, '');","        },","        separator: '\\n\\n'","      },","      build: {","        files: {","          'dist/md-data-table.js': ['.temp/templates.js', 'src/**/*.js']","        }","      }","    },","    ","    // static web server","    connect: {","      app: {","        options: {","          port: 8000,","          // hostname: '127.0.0.1',","          hostname: '0.0.0.0',","          livereload: '<%= config.livereload %>',","          base: ['bower_components', 'dist', 'app']","        }","      }","    },","    ","    // minify css files","    cssmin: {","      build: {","        files: {","          'dist/md-data-table.min.css': 'dist/md-data-table.css'","        }","      }","    },","    ","    // convert templates to javascript and load them into","    // the template cache","    html2js: {","      build: {","        options: {","          base: 'app/md-data-table',","          module: 'md.table.templates',","          quoteChar: '\\'',","          rename: function(moduleName) {","            return moduleName.split('/').pop();","          }","        },","        files: {","          '.temp/templates.js': ['src/templates/*.html', 'src/icons/*.svg']","        }","      }","    },","    ","    // report bad javascript syntax, uses jshint-stylish for","    // more readable logging to the console","    jshint: {","      options: {","        jshintrc: '.jshintrc',","        reporter: require('jshint-stylish'),","        force: true","      },","      build: 'src/**/*.js',","      app: ['app/app.js', 'app/scripts/**/*.js']","    },","","    // compile less","    less: {","      app: {","        files: {","          'app/app.css': 'app/styles/app.less'","        }","      },","      build: {","        files: {","          'dist/md-data-table.css': 'src/styles/md-table.less'","        }","      }","    },","","    // minify javascript files","    uglify: {","      build: {","        files: {","          'dist/md-data-table.min.js': 'dist/md-data-table.js'","        }","      }","    },","    ","    // perform tasks on file change","    watch: {","      options: {","        livereload: '<%= config.livereload %>'","      },","      appLess: {","        files: 'app/styles/**/*.less',","        tasks: ['less:app', 'autoprefixer:app']","      },","      appScripts: {","        files: ['app/app.js', 'app/scripts/**/*.js'],","        tasks: 'jshint:app'","      },","      appTemplates: {","        files: 'app/templates/**/*.html'","      },","      buildLess: {","        files: 'src/**/*.less',","        tasks: ['less:build', 'autoprefixer:build']","      },","      buildScripts: {","        files: 'src/**/*.js',","        tasks: ['jshint:build', 'concat:build']","      },","      buildTemplates: {","        files: 'src/**/*.html',","        tasks: ['html2js:build', 'concat:build']","      },","      gruntfile: {","        files: 'Gruntfile.js'","      },","      index: {","        files: 'app/index.html'","      }","    }","  });","  ","  grunt.registerTask('default', function () {","    ","    // buld the md-data-table module","    grunt.task.run('build');","    ","    // start the app","    grunt.task.run('serve');","  });","  ","  grunt.registerTask('build', [","    'jshint:build',","    'less:build',","    'autoprefixer:build',","    'cssmin:build',","    'html2js:build',","    'concat:build',","    'uglify:build'","  ]);","  ","  grunt.registerTask('serve', [","    'jshint:app',","    'less:app',","    'autoprefixer:app',","    'connect:app',","    'watch'","  ]);","","};"],"l":{"1":1,"4":1,"5":0,"14":1,"15":0,"19":0,"21":0,"57":0,"99":0,"180":0,"183":0,"186":0,"189":0,"199":0}},"/home/travis/build/npmtest/node-npmtest-angular-material-data-table/node_modules/angular-material-data-table/app/app.js":{"path":"/home/travis/build/npmtest/node-npmtest-angular-material-data-table/node_modules/angular-material-data-table/app/app.js","s":{"1":2,"2":0},"b":{},"f":{"1":0},"fnMap":{"1":{"name":"(anonymous_1)","line":3,"loc":{"start":{"line":3,"column":33},"end":{"line":3,"column":63}}}},"statementMap":{"1":{"start":{"line":1,"column":0},"end":{"line":9,"column":6}},"2":{"start":{"line":6,"column":4},"end":{"line":8,"column":29}}},"branchMap":{},"code":["angular.module('nutritionApp', ['md.data.table', 'ngMaterial'])","","  .config(['$mdThemingProvider', function ($mdThemingProvider) {","    'use strict';","    ","    $mdThemingProvider.theme('default')","      .primaryPalette('blue')","      .accentPalette('pink');","  }]);"],"l":{"1":2,"6":0}},"/home/travis/build/npmtest/node-npmtest-angular-material-data-table/node_modules/angular-material-data-table/src/md-data-table.js":{"path":"/home/travis/build/npmtest/node-npmtest-angular-material-data-table/node_modules/angular-material-data-table/src/md-data-table.js","s":{"1":2},"b":{},"f":{},"fnMap":{},"statementMap":{"1":{"start":{"line":1,"column":0},"end":{"line":1,"column":56}}},"branchMap":{},"code":["angular.module('md.data.table', ['md.table.templates']);"],"l":{"1":2}},"/home/travis/build/npmtest/node-npmtest-angular-material-data-table/node_modules/angular-material-data-table/app/scripts/nutritionController.js":{"path":"/home/travis/build/npmtest/node-npmtest-angular-material-data-table/node_modules/angular-material-data-table/app/scripts/nutritionController.js","s":{"1":2,"2":0,"3":0,"4":0,"5":0,"6":0,"7":0,"8":0,"9":0,"10":0,"11":0,"12":0,"13":0,"14":0,"15":0,"16":0,"17":0,"18":0,"19":0,"20":0,"21":0,"22":0,"23":0,"24":0,"25":0,"26":0,"27":0,"28":0,"29":0,"30":0,"31":0,"32":0,"33":0,"34":0,"35":0,"36":0},"b":{"1":[0,0],"2":[0,0],"3":[0,0]},"f":{"1":0,"2":0,"3":0,"4":0,"5":0,"6":0,"7":0,"8":0,"9":0,"10":0,"11":0,"12":0,"13":0,"14":0,"15":0,"16":0,"17":0},"fnMap":{"1":{"name":"(anonymous_1)","line":1,"loc":{"start":{"line":1,"column":120},"end":{"line":1,"column":174}}},"2":{"name":"(anonymous_2)","line":18,"loc":{"start":{"line":18,"column":11},"end":{"line":18,"column":23}}},"3":{"name":"(anonymous_3)","line":78,"loc":{"start":{"line":78,"column":34},"end":{"line":78,"column":54}}},"4":{"name":"(anonymous_4)","line":112,"loc":{"start":{"line":112,"column":23},"end":{"line":112,"column":49}}},"5":{"name":"(anonymous_5)","line":121,"loc":{"start":{"line":121,"column":12},"end":{"line":121,"column":29}}},"6":{"name":"(anonymous_6)","line":133,"loc":{"start":{"line":133,"column":17},"end":{"line":133,"column":33}}},"7":{"name":"(anonymous_7)","line":136,"loc":{"start":{"line":136,"column":38},"end":{"line":136,"column":50}}},"8":{"name":"(anonymous_8)","line":142,"loc":{"start":{"line":142,"column":30},"end":{"line":142,"column":42}}},"9":{"name":"(anonymous_9)","line":146,"loc":{"start":{"line":146,"column":20},"end":{"line":146,"column":32}}},"10":{"name":"(anonymous_10)","line":150,"loc":{"start":{"line":150,"column":22},"end":{"line":150,"column":44}}},"11":{"name":"(anonymous_11)","line":154,"loc":{"start":{"line":154,"column":30},"end":{"line":154,"column":42}}},"12":{"name":"(anonymous_12)","line":159,"loc":{"start":{"line":159,"column":20},"end":{"line":159,"column":36}}},"13":{"name":"(anonymous_13)","line":163,"loc":{"start":{"line":163,"column":15},"end":{"line":163,"column":31}}},"14":{"name":"(anonymous_14)","line":167,"loc":{"start":{"line":167,"column":21},"end":{"line":167,"column":33}}},"15":{"name":"(anonymous_15)","line":168,"loc":{"start":{"line":168,"column":30},"end":{"line":168,"column":42}}},"16":{"name":"(anonymous_16)","line":173,"loc":{"start":{"line":173,"column":21},"end":{"line":173,"column":37}}},"17":{"name":"(anonymous_17)","line":178,"loc":{"start":{"line":178,"column":30},"end":{"line":178,"column":42}}}},"statementMap":{"1":{"start":{"line":1,"column":0},"end":{"line":183,"column":4}},"2":{"start":{"line":4,"column":2},"end":{"line":13,"column":4}},"3":{"start":{"line":15,"column":2},"end":{"line":15,"column":23}},"4":{"start":{"line":16,"column":2},"end":{"line":21,"column":5}},"5":{"start":{"line":19,"column":6},"end":{"line":19,"column":57}},"6":{"start":{"line":23,"column":2},"end":{"line":27,"column":4}},"7":{"start":{"line":30,"column":2},"end":{"line":76,"column":5}},"8":{"start":{"line":78,"column":2},"end":{"line":110,"column":5}},"9":{"start":{"line":79,"column":4},"end":{"line":79,"column":36}},"10":{"start":{"line":112,"column":2},"end":{"line":140,"column":4}},"11":{"start":{"line":113,"column":4},"end":{"line":113,"column":28}},"12":{"start":{"line":115,"column":4},"end":{"line":129,"column":6}},"13":{"start":{"line":122,"column":8},"end":{"line":122,"column":44}},"14":{"start":{"line":131,"column":4},"end":{"line":131,"column":109}},"15":{"start":{"line":133,"column":4},"end":{"line":139,"column":7}},"16":{"start":{"line":134,"column":6},"end":{"line":134,"column":34}},"17":{"start":{"line":136,"column":6},"end":{"line":138,"column":9}},"18":{"start":{"line":137,"column":8},"end":{"line":137,"column":65}},"19":{"start":{"line":142,"column":2},"end":{"line":144,"column":4}},"20":{"start":{"line":143,"column":4},"end":{"line":143,"column":72}},"21":{"start":{"line":146,"column":2},"end":{"line":148,"column":4}},"22":{"start":{"line":147,"column":4},"end":{"line":147,"column":53}},"23":{"start":{"line":150,"column":2},"end":{"line":157,"column":4}},"24":{"start":{"line":151,"column":4},"end":{"line":151,"column":92}},"25":{"start":{"line":152,"column":4},"end":{"line":152,"column":54}},"26":{"start":{"line":154,"column":4},"end":{"line":156,"column":13}},"27":{"start":{"line":159,"column":2},"end":{"line":161,"column":4}},"28":{"start":{"line":160,"column":4},"end":{"line":160,"column":45}},"29":{"start":{"line":163,"column":2},"end":{"line":165,"column":4}},"30":{"start":{"line":164,"column":4},"end":{"line":164,"column":43}},"31":{"start":{"line":167,"column":2},"end":{"line":171,"column":4}},"32":{"start":{"line":168,"column":4},"end":{"line":170,"column":13}},"33":{"start":{"line":173,"column":2},"end":{"line":181,"column":4}},"34":{"start":{"line":175,"column":4},"end":{"line":175,"column":54}},"35":{"start":{"line":176,"column":4},"end":{"line":176,"column":35}},"36":{"start":{"line":178,"column":4},"end":{"line":180,"column":13}}},"branchMap":{"1":{"line":19,"type":"cond-expr","locations":[{"start":{"line":19,"column":31},"end":{"line":19,"column":52}},{"start":{"line":19,"column":55},"end":{"line":19,"column":56}}]},"2":{"line":131,"type":"cond-expr","locations":[{"start":{"line":131,"column":51},"end":{"line":131,"column":78}},{"start":{"line":131,"column":81},"end":{"line":131,"column":108}}]},"3":{"line":143,"type":"cond-expr","locations":[{"start":{"line":143,"column":48},"end":{"line":143,"column":57}},{"start":{"line":143,"column":60},"end":{"line":143,"column":71}}]}},"code":["angular.module('nutritionApp').controller('nutritionController', ['$http', '$mdEditDialog', '$q', '$timeout', '$scope', function ($http, $mdEditDialog, $q, $timeout, $scope) {","  'use strict';","","  $scope.options = {","    rowSelection: true,","    multiSelect: true,","    autoSelect: true,","    decapitate: false,","    largeEditDialog: false,","    boundaryLinks: false,","    limitSelect: true,","    pageSelect: true","  };","","  $scope.selected = [];","  $scope.limitOptions = [5, 10, 15, {","    label: 'All',","    value: function () {","      return $scope.desserts ? $scope.desserts.count : 0;","    }","  }];","","  $scope.query = {","    order: 'name',","    limit: 5,","    page: 1","  };","","  // for testing ngRepeat","  $scope.columns = [{","    name: 'Dessert',","    orderBy: 'name',","    unit: '100g serving'","  }, {","    descendFirst: true,","    name: 'Type',","    orderBy: 'type'","  }, {","    name: 'Calories',","    numeric: true,","    orderBy: 'calories.value'","  }, {","    name: 'Fat',","    numeric: true,","    orderBy: 'fat.value',","    unit: 'g'","  }, /* {","    name: 'Carbs',","    numeric: true,","    orderBy: 'carbs.value',","    unit: 'g'","  }, */ {","    name: 'Protein',","    numeric: true,","    orderBy: 'protein.value',","    trim: true,","    unit: 'g'","  }, /* {","    name: 'Sodium',","    numeric: true,","    orderBy: 'sodium.value',","    unit: 'mg'","  }, {","    name: 'Calcium',","    numeric: true,","    orderBy: 'calcium.value',","    unit: '%'","  }, */ {","    name: 'Iron',","    numeric: true,","    orderBy: 'iron.value',","    unit: '%'","  }, {","    name: 'Comments',","    orderBy: 'comment'","  }];","","  $http.get('desserts.json').then(function (desserts) {","    $scope.desserts = desserts.data;","","    // $scope.selected.push($scope.desserts.data[1]);","","    // $scope.selected.push({","    //   name: 'Ice cream sandwich',","    //   type: 'Ice cream',","    //   calories: { value: 237.0 },","    //   fat: { value: 9.0 },","    //   carbs: { value: 37.0 },","    //   protein: { value: 4.3 },","    //   sodium: { value: 129.0 },","    //   calcium: { value: 8.0 },","    //   iron: { value: 1.0 }","    // });","","    // $scope.selected.push({","    //   name: 'Eclair',","    //   type: 'Pastry',","    //   calories: { value:  262.0 },","    //   fat: { value: 16.0 },","    //   carbs: { value: 24.0 },","    //   protein: { value:  6.0 },","    //   sodium: { value: 337.0 },","    //   calcium: { value:  6.0 },","    //   iron: { value: 7.0 }","    // });","","    // $scope.promise = $timeout(function () {","    //   $scope.desserts = desserts.data;","    // }, 1000);","  });","","  $scope.editComment = function (event, dessert) {","    event.stopPropagation();","","    var dialog = {","      // messages: {","      //   test: 'I don\\'t like tests!'","      // },","      modelValue: dessert.comment,","      placeholder: 'Add a comment',","      save: function (input) {","        dessert.comment = input.$modelValue;","      },","      targetEvent: event,","      title: 'Add a comment',","      validators: {","        'md-maxlength': 30","      }","    };","","    var promise = $scope.options.largeEditDialog ? $mdEditDialog.large(dialog) : $mdEditDialog.small(dialog);","","    promise.then(function (ctrl) {","      var input = ctrl.getInput();","","      input.$viewChangeListeners.push(function () {","        input.$setValidity('test', input.$modelValue !== 'test');","      });","    });","  };","","  $scope.toggleLimitOptions = function () {","    $scope.limitOptions = $scope.limitOptions ? undefined : [5, 10, 15];","  };","","  $scope.getTypes = function () {","    return ['Candy', 'Ice cream', 'Other', 'Pastry'];","  };","","  $scope.onPaginate = function(page, limit) {","    console.log('Scope Page: ' + $scope.query.page + ' Scope Limit: ' + $scope.query.limit);","    console.log('Page: ' + page + ' Limit: ' + limit);","","    $scope.promise = $timeout(function () {","","    }, 2000);","  };","","  $scope.deselect = function (item) {","    console.log(item.name, 'was deselected');","  };","","  $scope.log = function (item) {","    console.log(item.name, 'was selected');","  };","","  $scope.loadStuff = function () {","    $scope.promise = $timeout(function () {","","    }, 2000);","  };","","  $scope.onReorder = function(order) {","","    console.log('Scope Order: ' + $scope.query.order);","    console.log('Order: ' + order);","","    $scope.promise = $timeout(function () {","","    }, 2000);","  };","","}]);"],"l":{"1":2,"4":0,"15":0,"16":0,"19":0,"23":0,"30":0,"78":0,"79":0,"112":0,"113":0,"115":0,"122":0,"131":0,"133":0,"134":0,"136":0,"137":0,"142":0,"143":0,"146":0,"147":0,"150":0,"151":0,"152":0,"154":0,"159":0,"160":0,"163":0,"164":0,"167":0,"168":0,"173":0,"175":0,"176":0,"178":0}},"/home/travis/build/npmtest/node-npmtest-angular-material-data-table/node_modules/angular-material-data-table/src/scripts/mdBody.js":{"path":"/home/travis/build/npmtest/node-npmtest-angular-material-data-table/node_modules/angular-material-data-table/src/scripts/mdBody.js","s":{"1":2,"2":1,"3":1,"4":0,"5":0},"b":{},"f":{"1":0,"2":0},"fnMap":{"1":{"name":"mdBody","line":5,"loc":{"start":{"line":5,"column":0},"end":{"line":5,"column":18}}},"2":{"name":"compile","line":7,"loc":{"start":{"line":7,"column":2},"end":{"line":7,"column":29}}}},"statementMap":{"1":{"start":{"line":3,"column":0},"end":{"line":3,"column":60}},"2":{"start":{"line":5,"column":0},"end":{"line":15,"column":1}},"3":{"start":{"line":7,"column":2},"end":{"line":9,"column":3}},"4":{"start":{"line":8,"column":4},"end":{"line":8,"column":33}},"5":{"start":{"line":11,"column":2},"end":{"line":14,"column":4}}},"branchMap":{},"code":["'use strict';","","angular.module('md.data.table').directive('mdBody', mdBody);","","function mdBody() {","","  function compile(tElement) {","    tElement.addClass('md-body');","  }","","  return {","    compile: compile,","    restrict: 'A'","  };","}"],"l":{"3":2,"5":1,"7":1,"8":0,"11":0}},"/home/travis/build/npmtest/node-npmtest-angular-material-data-table/node_modules/angular-material-data-table/src/scripts/mdCell.js":{"path":"/home/travis/build/npmtest/node-npmtest-angular-material-data-table/node_modules/angular-material-data-table/src/scripts/mdCell.js","s":{"1":2,"2":1,"3":1,"4":0,"5":0,"6":0,"7":0,"8":0,"9":1,"10":1,"11":0,"12":0,"13":0,"14":0,"15":0,"16":0,"17":0,"18":0,"19":0,"20":0,"21":0,"22":0,"23":1,"24":0,"25":1,"26":0,"27":0,"28":0,"29":0,"30":0,"31":0,"32":0,"33":0},"b":{"1":[0,0],"2":[0,0],"3":[0,0],"4":[0,0],"5":[0,0]},"f":{"1":0,"2":0,"3":0,"4":0,"5":0,"6":0,"7":0,"8":0,"9":0},"fnMap":{"1":{"name":"mdCell","line":5,"loc":{"start":{"line":5,"column":0},"end":{"line":5,"column":18}}},"2":{"name":"compile","line":7,"loc":{"start":{"line":7,"column":2},"end":{"line":7,"column":29}}},"3":{"name":"Controller","line":20,"loc":{"start":{"line":20,"column":2},"end":{"line":20,"column":24}}},"4":{"name":"postLink","line":24,"loc":{"start":{"line":24,"column":2},"end":{"line":24,"column":50}}},"5":{"name":"(anonymous_5)","line":34,"loc":{"start":{"line":34,"column":25},"end":{"line":34,"column":42}}},"6":{"name":"(anonymous_6)","line":38,"loc":{"start":{"line":38,"column":51},"end":{"line":38,"column":68}}},"7":{"name":"getColumn","line":46,"loc":{"start":{"line":46,"column":4},"end":{"line":46,"column":25}}},"8":{"name":"getIndex","line":50,"loc":{"start":{"line":50,"column":4},"end":{"line":50,"column":24}}},"9":{"name":"(anonymous_9)","line":54,"loc":{"start":{"line":54,"column":28},"end":{"line":54,"column":46}}}},"statementMap":{"1":{"start":{"line":3,"column":0},"end":{"line":3,"column":60}},"2":{"start":{"line":5,"column":0},"end":{"line":73,"column":1}},"3":{"start":{"line":7,"column":2},"end":{"line":17,"column":3}},"4":{"start":{"line":8,"column":4},"end":{"line":8,"column":44}},"5":{"start":{"line":10,"column":4},"end":{"line":12,"column":5}},"6":{"start":{"line":11,"column":6},"end":{"line":11,"column":87}},"7":{"start":{"line":14,"column":4},"end":{"line":14,"column":33}},"8":{"start":{"line":16,"column":4},"end":{"line":16,"column":20}},"9":{"start":{"line":20,"column":2},"end":{"line":22,"column":3}},"10":{"start":{"line":24,"column":2},"end":{"line":65,"column":3}},"11":{"start":{"line":25,"column":4},"end":{"line":25,"column":43}},"12":{"start":{"line":26,"column":4},"end":{"line":26,"column":33}},"13":{"start":{"line":27,"column":4},"end":{"line":27,"column":34}},"14":{"start":{"line":29,"column":4},"end":{"line":31,"column":5}},"15":{"start":{"line":30,"column":6},"end":{"line":30,"column":39}},"16":{"start":{"line":33,"column":4},"end":{"line":42,"column":5}},"17":{"start":{"line":34,"column":6},"end":{"line":36,"column":9}},"18":{"start":{"line":35,"column":8},"end":{"line":35,"column":32}},"19":{"start":{"line":38,"column":6},"end":{"line":41,"column":9}},"20":{"start":{"line":39,"column":8},"end":{"line":39,"column":32}},"21":{"start":{"line":40,"column":8},"end":{"line":40,"column":26}},"22":{"start":{"line":44,"column":4},"end":{"line":44,"column":45}},"23":{"start":{"line":46,"column":4},"end":{"line":48,"column":5}},"24":{"start":{"line":47,"column":6},"end":{"line":47,"column":45}},"25":{"start":{"line":50,"column":4},"end":{"line":52,"column":5}},"26":{"start":{"line":51,"column":6},"end":{"line":51,"column":83}},"27":{"start":{"line":54,"column":4},"end":{"line":64,"column":7}},"28":{"start":{"line":55,"column":6},"end":{"line":57,"column":7}},"29":{"start":{"line":56,"column":8},"end":{"line":56,"column":15}},"30":{"start":{"line":59,"column":6},"end":{"line":63,"column":7}},"31":{"start":{"line":60,"column":8},"end":{"line":60,"column":39}},"32":{"start":{"line":62,"column":8},"end":{"line":62,"column":42}},"33":{"start":{"line":67,"column":2},"end":{"line":72,"column":4}}},"branchMap":{"1":{"line":10,"type":"if","locations":[{"start":{"line":10,"column":4},"end":{"line":10,"column":4}},{"start":{"line":10,"column":4},"end":{"line":10,"column":4}}]},"2":{"line":29,"type":"if","locations":[{"start":{"line":29,"column":4},"end":{"line":29,"column":4}},{"start":{"line":29,"column":4},"end":{"line":29,"column":4}}]},"3":{"line":33,"type":"if","locations":[{"start":{"line":33,"column":4},"end":{"line":33,"column":4}},{"start":{"line":33,"column":4},"end":{"line":33,"column":4}}]},"4":{"line":55,"type":"if","locations":[{"start":{"line":55,"column":6},"end":{"line":55,"column":6}},{"start":{"line":55,"column":6},"end":{"line":55,"column":6}}]},"5":{"line":59,"type":"if","locations":[{"start":{"line":59,"column":6},"end":{"line":59,"column":6}},{"start":{"line":59,"column":6},"end":{"line":59,"column":6}}]}},"code":["'use strict';","","angular.module('md.data.table').directive('mdCell', mdCell);","","function mdCell() {","  ","  function compile(tElement) {","    var select = tElement.find('md-select');","    ","    if(select.length) {","      select.addClass('md-table-select').attr('md-container-class', 'md-table-select');","    }","    ","    tElement.addClass('md-cell');","    ","    return postLink;","  }","  ","  // empty controller to be bind properties to in postLink function","  function Controller() {","    ","  }","  ","  function postLink(scope, element, attrs, ctrls) {","    var select = element.find('md-select');","    var cellCtrl = ctrls.shift();","    var tableCtrl = ctrls.shift();","    ","    if(attrs.ngClick) {","      element.addClass('md-clickable');","    }","    ","    if(select.length) {","      select.on('click', function (event) {","        event.stopPropagation();","      });","      ","      element.addClass('md-clickable').on('click', function (event) {","        event.stopPropagation();","        select[0].click();","      });","    }","    ","    cellCtrl.getTable = tableCtrl.getElement;","    ","    function getColumn() {","      return tableCtrl.$$columns[getIndex()];","    }","    ","    function getIndex() {","      return Array.prototype.indexOf.call(element.parent().children(), element[0]);","    }","    ","    scope.$watch(getColumn, function (column) {","      if(!column) {","        return;","      }","      ","      if(column.numeric) {","        element.addClass('md-numeric');","      } else {","        element.removeClass('md-numeric');","      }","    });","  }","  ","  return {","    controller: Controller,","    compile: compile,","    require: ['mdCell', '^^mdTable'],","    restrict: 'A'","  };","}"],"l":{"3":2,"5":1,"7":1,"8":0,"10":0,"11":0,"14":0,"16":0,"20":1,"24":1,"25":0,"26":0,"27":0,"29":0,"30":0,"33":0,"34":0,"35":0,"38":0,"39":0,"40":0,"44":0,"46":1,"47":0,"50":1,"51":0,"54":0,"55":0,"56":0,"59":0,"60":0,"62":0,"67":0}},"/home/travis/build/npmtest/node-npmtest-angular-material-data-table/node_modules/angular-material-data-table/src/scripts/mdColumn.js":{"path":"/home/travis/build/npmtest/node-npmtest-angular-material-data-table/node_modules/angular-material-data-table/src/scripts/mdColumn.js","s":{"1":2,"2":1,"3":1,"4":0,"5":0,"6":1,"7":0,"8":0,"9":1,"10":0,"11":0,"12":0,"13":0,"14":0,"15":1,"16":0,"17":0,"18":1,"19":0,"20":0,"21":1,"22":0,"23":0,"24":1,"25":0,"26":1,"27":0,"28":1,"29":0,"30":1,"31":0,"32":0,"33":0,"34":0,"35":0,"36":0,"37":0,"38":1,"39":0,"40":0,"41":0,"42":0,"43":0,"44":0,"45":0,"46":0,"47":0,"48":0,"49":0,"50":0,"51":0,"52":0,"53":0,"54":0,"55":0,"56":0,"57":0,"58":0,"59":0,"60":0,"61":0,"62":0},"b":{"1":[0,0],"2":[0,0],"3":[0,0,0],"4":[0,0],"5":[0,0],"6":[0,0],"7":[0,0],"8":[0,0],"9":[0,0],"10":[0,0],"11":[0,0],"12":[0,0],"13":[0,0],"14":[0,0],"15":[0,0],"16":[0,0],"17":[0,0]},"f":{"1":0,"2":0,"3":0,"4":0,"5":0,"6":0,"7":0,"8":0,"9":0,"10":0,"11":0,"12":0,"13":0,"14":0,"15":0,"16":0,"17":0,"18":0,"19":0,"20":0},"fnMap":{"1":{"name":"mdColumn","line":5,"loc":{"start":{"line":5,"column":0},"end":{"line":5,"column":37}}},"2":{"name":"compile","line":7,"loc":{"start":{"line":7,"column":2},"end":{"line":7,"column":29}}},"3":{"name":"postLink","line":12,"loc":{"start":{"line":12,"column":2},"end":{"line":12,"column":50}}},"4":{"name":"attachSortIcon","line":16,"loc":{"start":{"line":16,"column":4},"end":{"line":16,"column":30}}},"5":{"name":"detachSortIcon","line":28,"loc":{"start":{"line":28,"column":4},"end":{"line":28,"column":30}}},"6":{"name":"(anonymous_6)","line":29,"loc":{"start":{"line":29,"column":57},"end":{"line":29,"column":73}}},"7":{"name":"disableSorting","line":34,"loc":{"start":{"line":34,"column":4},"end":{"line":34,"column":30}}},"8":{"name":"enableSorting","line":39,"loc":{"start":{"line":39,"column":4},"end":{"line":39,"column":29}}},"9":{"name":"getIndex","line":44,"loc":{"start":{"line":44,"column":4},"end":{"line":44,"column":24}}},"10":{"name":"isActive","line":48,"loc":{"start":{"line":48,"column":4},"end":{"line":48,"
[...]
39":0,"40":0,"41":0,"42":0,"43":0,"44":0,"45":0,"46":0,"47":0,"48":0,"49":0,"50":0,"51":0,"52":0,"53":0,"54":0,"55":0,"56":0},"b":{"1":[0,0],"2":[0,0],"3":[0,0],"4":[0,0],"5":[0,0],"6":[0,0],"7":[0,0],"8":[0,0],"9":[0,0,0],"10":[0,0],"11":[0,0],"12":[0,0],"13":[0,0]},"f":{"1":0,"2":0,"3":0,"4":0,"5":0,"6":0,"7":0,"8":0,"9":0,"10":0,"11":0,"12":0,"13":0,"14":0,"15":0,"16":0,"17":0,"18":0,"19":0,"20":0,"21":0},"fnMap":{"1":{"name":"mdTablePagination","line":5,"loc":{"start":{"line":5,"column":0},"end":{"line":5,"column":29}}},"2":{"name":"compile","line":7,"loc":{"start":{"line":7,"column":2},"end":{"line":7,"column":29}}},"3":{"name":"Controller","line":11,"loc":{"start":{"line":11,"column":2},"end":{"line":11,"column":47}}},"4":{"name":"isPositive","line":21,"loc":{"start":{"line":21,"column":4},"end":{"line":21,"column":32}}},"5":{"name":"(anonymous_5)","line":25,"loc":{"start":{"line":25,"column":16},"end":{"line":25,"column":38}}},"6":{"name":"(anonymous_6)","line":29,"loc":{"start":{"line":29,"column":17},"end":{"line":29,"column":29}}},"7":{"name":"(anonymous_7)","line":34,"loc":{"start":{"line":34,"column":19},"end":{"line":34,"column":31}}},"8":{"name":"(anonymous_8)","line":38,"loc":{"start":{"line":38,"column":23},"end":{"line":38,"column":35}}},"9":{"name":"(anonymous_9)","line":42,"loc":{"start":{"line":42,"column":16},"end":{"line":42,"column":28}}},"10":{"name":"(anonymous_10)","line":47,"loc":{"start":{"line":47,"column":15},"end":{"line":47,"column":27}}},"11":{"name":"(anonymous_11)","line":51,"loc":{"start":{"line":51,"column":15},"end":{"line":51,"column":27}}},"12":{"name":"(anonymous_12)","line":55,"loc":{"start":{"line":55,"column":16},"end":{"line":55,"column":28}}},"13":{"name":"(anonymous_13)","line":60,"loc":{"start":{"line":60,"column":30},"end":{"line":60,"column":42}}},"14":{"name":"(anonymous_14)","line":62,"loc":{"start":{"line":62,"column":25},"end":{"line":62,"column":37}}},"15":{"name":"(anonymous_15)","line":68,"loc":{"start":{"line":68,"column":17},"end":{"line":68,"column":29}}},"16":{"name":"(anonymous_16)","line":72,"loc":{"start":{"line":72,"column":20},"end":{"line":72,"column":32}}},"17":{"name":"(anonymous_17)","line":77,"loc":{"start":{"line":77,"column":29},"end":{"line":77,"column":41}}},"18":{"name":"(anonymous_18)","line":81,"loc":{"start":{"line":81,"column":26},"end":{"line":81,"column":38}}},"19":{"name":"(anonymous_19)","line":85,"loc":{"start":{"line":85,"column":39},"end":{"line":85,"column":69}}},"20":{"name":"(anonymous_20)","line":95,"loc":{"start":{"line":95,"column":31},"end":{"line":95,"column":48}}},"21":{"name":"(anonymous_21)","line":99,"loc":{"start":{"line":99,"column":39},"end":{"line":99,"column":69}}}},"statementMap":{"1":{"start":{"line":3,"column":0},"end":{"line":3,"column":82}},"2":{"start":{"line":5,"column":0},"end":{"line":130,"column":1}},"3":{"start":{"line":7,"column":2},"end":{"line":9,"column":3}},"4":{"start":{"line":8,"column":4},"end":{"line":8,"column":45}},"5":{"start":{"line":11,"column":2},"end":{"line":108,"column":3}},"6":{"start":{"line":12,"column":4},"end":{"line":12,"column":20}},"7":{"start":{"line":13,"column":4},"end":{"line":17,"column":6}},"8":{"start":{"line":19,"column":4},"end":{"line":19,"column":44}},"9":{"start":{"line":21,"column":4},"end":{"line":23,"column":5}},"10":{"start":{"line":22,"column":6},"end":{"line":22,"column":38}},"11":{"start":{"line":25,"column":4},"end":{"line":27,"column":6}},"12":{"start":{"line":26,"column":6},"end":{"line":26,"column":38}},"13":{"start":{"line":29,"column":4},"end":{"line":32,"column":6}},"14":{"start":{"line":30,"column":6},"end":{"line":30,"column":20}},"15":{"start":{"line":31,"column":6},"end":{"line":31,"column":32}},"16":{"start":{"line":34,"column":4},"end":{"line":36,"column":6}},"17":{"start":{"line":35,"column":6},"end":{"line":35,"column":49}},"18":{"start":{"line":38,"column":4},"end":{"line":40,"column":6}},"19":{"start":{"line":39,"column":6},"end":{"line":39,"column":27}},"20":{"start":{"line":42,"column":4},"end":{"line":45,"column":6}},"21":{"start":{"line":43,"column":6},"end":{"line":43,"column":31}},"22":{"start":{"line":44,"column":6},"end":{"line":44,"column":32}},"23":{"start":{"line":47,"column":4},"end":{"line":49,"column":6}},"24":{"start":{"line":48,"column":6},"end":{"line":48,"column":66}},"25":{"start":{"line":51,"column":4},"end":{"line":53,"column":6}},"26":{"start":{"line":52,"column":6},"end":{"line":52,"column":82}},"27":{"start":{"line":55,"column":4},"end":{"line":58,"column":6}},"28":{"start":{"line":56,"column":6},"end":{"line":56,"column":18}},"29":{"start":{"line":57,"column":6},"end":{"line":57,"column":32}},"30":{"start":{"line":60,"column":4},"end":{"line":66,"column":6}},"31":{"start":{"line":61,"column":6},"end":{"line":65,"column":7}},"32":{"start":{"line":62,"column":8},"end":{"line":64,"column":11}},"33":{"start":{"line":63,"column":10},"end":{"line":63,"column":49}},"34":{"start":{"line":68,"column":4},"end":{"line":70,"column":6}},"35":{"start":{"line":69,"column":6},"end":{"line":69,"column":108}},"36":{"start":{"line":72,"column":4},"end":{"line":75,"column":6}},"37":{"start":{"line":73,"column":6},"end":{"line":73,"column":18}},"38":{"start":{"line":74,"column":6},"end":{"line":74,"column":32}},"39":{"start":{"line":77,"column":4},"end":{"line":79,"column":6}},"40":{"start":{"line":78,"column":6},"end":{"line":78,"column":65}},"41":{"start":{"line":81,"column":4},"end":{"line":83,"column":6}},"42":{"start":{"line":82,"column":6},"end":{"line":82,"column":59}},"43":{"start":{"line":85,"column":4},"end":{"line":93,"column":7}},"44":{"start":{"line":86,"column":6},"end":{"line":88,"column":7}},"45":{"start":{"line":87,"column":8},"end":{"line":87,"column":15}},"46":{"start":{"line":91,"column":6},"end":{"line":91,"column":117}},"47":{"start":{"line":92,"column":6},"end":{"line":92,"column":32}},"48":{"start":{"line":95,"column":4},"end":{"line":97,"column":7}},"49":{"start":{"line":96,"column":6},"end":{"line":96,"column":68}},"50":{"start":{"line":99,"column":4},"end":{"line":107,"column":7}},"51":{"start":{"line":100,"column":6},"end":{"line":102,"column":7}},"52":{"start":{"line":101,"column":8},"end":{"line":101,"column":15}},"53":{"start":{"line":104,"column":6},"end":{"line":106,"column":7}},"54":{"start":{"line":105,"column":8},"end":{"line":105,"column":20}},"55":{"start":{"line":110,"column":2},"end":{"line":110,"column":55}},"56":{"start":{"line":112,"column":2},"end":{"line":129,"column":4}}},"branchMap":{"1":{"line":48,"type":"cond-expr","locations":[{"start":{"line":48,"column":30},"end":{"line":48,"column":52}},{"start":{"line":48,"column":55},"end":{"line":48,"column":65}}]},"2":{"line":52,"type":"cond-expr","locations":[{"start":{"line":52,"column":38},"end":{"line":52,"column":77}},{"start":{"line":52,"column":80},"end":{"line":52,"column":81}}]},"3":{"line":61,"type":"if","locations":[{"start":{"line":61,"column":6},"end":{"line":61,"column":6}},{"start":{"line":61,"column":6},"end":{"line":61,"column":6}}]},"4":{"line":69,"type":"cond-expr","locations":[{"start":{"line":69,"column":38},"end":{"line":69,"column":103}},{"start":{"line":69,"column":106},"end":{"line":69,"column":107}}]},"5":{"line":69,"type":"cond-expr","locations":[{"start":{"line":69,"column":87},"end":{"line":69,"column":97}},{"start":{"line":69,"column":100},"end":{"line":69,"column":101}}]},"6":{"line":78,"type":"binary-expr","locations":[{"start":{"line":78,"column":13},"end":{"line":78,"column":42}},{"start":{"line":78,"column":46},"end":{"line":78,"column":64}}]},"7":{"line":82,"type":"binary-expr","locations":[{"start":{"line":82,"column":13},"end":{"line":82,"column":39}},{"start":{"line":82,"column":43},"end":{"line":82,"column":58}}]},"8":{"line":86,"type":"if","locations":[{"start":{"line":86,"column":6},"end":{"line":86,"column":6}},{"start":{"line":86,"column":6},"end":{"line":86,"column":6}}]},"9":{"line":86,"type":"binary-expr","locations":[{"start":{"line":86,"column":9},"end":{"line":86,"column":24}},{"start":{"line":86,"column":28},"end":{"line":86,"column":43}},{"start":{"line":86,"column":47},"end":{"line":86,"column":68}}]},"10":{"line":91,"type":"cond-expr","locations":[{"start":{"line":91,"column":102},"end":{"line":91,"column":110}},{"start":{"line":91,"column":113},"end":{"line":91,"column":114}}]},"11":{"line":100,"type":"if","locations":[{"start":{"line":100,"column":6},"end":{"line":100,"column":6}},{"start":{"line":100,"column":6},"end":{"line":100,"column":6}}]},"12":{"line":100,"type":"binary-expr","locations":[{"start":{"line":100,"column":9},"end":{"line":100,"column":24}},{"start":{"line":100,"column":28},"end":{"line":100,"column":49}}]},"13":{"line":104,"type":"if","locations":[{"start":{"line":104,"column":6},"end":{"line":104,"column":6}},{"start":{"line":104,"column":6},"end":{"line":104,"column":6}}]}},"code":["'use strict';","","angular.module('md.data.table').directive('mdTablePagination', mdTablePagination);","","function mdTablePagination() {","","  function compile(tElement) {","    tElement.addClass('md-table-pagination');","  }","","  function Controller($attrs, $mdUtil, $scope) {","    var self = this;","    var defaultLabel = {","      page: 'Page:',","      rowsPerPage: 'Rows per page:',","      of: 'of'","    };","","    self.label = angular.copy(defaultLabel);","","    function isPositive(number) {","      return parseInt(number, 10) > 0;","    }","","    self.eval = function (expression) {","      return $scope.$eval(expression);","    };","","    self.first = function () {","      self.page = 1;","      self.onPaginationChange();","    };","","    self.hasNext = function () {","      return self.page * self.limit < self.total;","    };","","    self.hasPrevious = function () {","      return self.page > 1;","    };","","    self.last = function () {","      self.page = self.pages();","      self.onPaginationChange();","    };","","    self.max = function () {","      return self.hasNext() ? self.page * self.limit : self.total;","    };","","    self.min = function () {","      return isPositive(self.total) ? self.page * self.limit - self.limit + 1 : 0;","    };","","    self.next = function () {","      self.page++;","      self.onPaginationChange();","    };","","    self.onPaginationChange = function () {","      if(angular.isFunction(self.onPaginate)) {","        $mdUtil.nextTick(function () {","          self.onPaginate(self.page, self.limit);","        });","      }","    };","","    self.pages = function () {","      return isPositive(self.total) ? Math.ceil(self.total / (isPositive(self.limit) ? self.limit : 1)) : 1;","    };","","    self.previous = function () {","      self.page--;","      self.onPaginationChange();","    };","","    self.showBoundaryLinks = function () {","      return $attrs.mdBoundaryLinks === '' || self.boundaryLinks;","    };","","    self.showPageSelect = function () {","      return $attrs.mdPageSelect === '' || self.pageSelect;","    };","","    $scope.$watch('$pagination.limit', function (newValue, oldValue) {","      if(isNaN(newValue) || isNaN(oldValue) || newValue === oldValue) {","        return;","      }","","      // find closest page from previous min","      self.page = Math.floor(((self.page * oldValue - oldValue) + newValue) / (isPositive(newValue) ? newValue : 1));","      self.onPaginationChange();","    });","","    $attrs.$observe('mdLabel', function (label) {","      angular.extend(self.label, defaultLabel, $scope.$eval(label));","    });","","    $scope.$watch('$pagination.total', function (newValue, oldValue) {","      if(isNaN(newValue) || newValue === oldValue) {","        return;","      }","","      if(self.page > self.pages()) {","        self.last();","      }","    });","  }","","  Controller.$inject = ['$attrs', '$mdUtil', '$scope'];","","  return {","    bindToController: {","      boundaryLinks: '=?mdBoundaryLinks',","      disabled: '=ngDisabled',","      limit: '=mdLimit',","      page: '=mdPage',","      pageSelect: '=?mdPageSelect',","      onPaginate: '=?mdOnPaginate',","      limitOptions: '=?mdLimitOptions',","      total: '@mdTotal'","    },","    compile: compile,","    controller: Controller,","    controllerAs: '$pagination',","    restrict: 'E',","    scope: {},","    templateUrl: 'md-table-pagination.html'","  };","}"],"l":{"3":2,"5":1,"7":1,"8":0,"11":1,"12":0,"13":0,"19":0,"21":1,"22":0,"25":0,"26":0,"29":0,"30":0,"31":0,"34":0,"35":0,"38":0,"39":0,"42":0,"43":0,"44":0,"47":0,"48":0,"51":0,"52":0,"55":0,"56":0,"57":0,"60":0,"61":0,"62":0,"63":0,"68":0,"69":0,"72":0,"73":0,"74":0,"77":0,"78":0,"81":0,"82":0,"85":0,"86":0,"87":0,"91":0,"92":0,"95":0,"96":0,"99":0,"100":0,"101":0,"104":0,"105":0,"110":0,"112":0}},"/home/travis/build/npmtest/node-npmtest-angular-material-data-table/node_modules/angular-material-data-table/src/scripts/mdTableProgress.js":{"path":"/home/travis/build/npmtest/node-npmtest-angular-material-data-table/node_modules/angular-material-data-table/src/scripts/mdTableProgress.js","s":{"1":2,"2":1,"3":1,"4":0,"5":0,"6":0},"b":{},"f":{"1":0,"2":0},"fnMap":{"1":{"name":"mdTableProgress","line":5,"loc":{"start":{"line":5,"column":0},"end":{"line":5,"column":27}}},"2":{"name":"postLink","line":7,"loc":{"start":{"line":7,"column":2},"end":{"line":7,"column":54}}}},"statementMap":{"1":{"start":{"line":3,"column":0},"end":{"line":3,"column":78}},"2":{"start":{"line":5,"column":0},"end":{"line":19,"column":1}},"3":{"start":{"line":7,"column":2},"end":{"line":10,"column":3}},"4":{"start":{"line":8,"column":4},"end":{"line":8,"column":46}},"5":{"start":{"line":9,"column":4},"end":{"line":9,"column":48}},"6":{"start":{"line":12,"column":2},"end":{"line":18,"column":4}}},"branchMap":{},"code":["'use strict';","","angular.module('md.data.table').directive('mdTableProgress', mdTableProgress);","","function mdTableProgress() {","","  function postLink(scope, element, attrs, tableCtrl) {","    scope.columnCount = tableCtrl.columnCount;","    scope.deferred = tableCtrl.waitingOnPromise;","  }","","  return {","    link: postLink,","    require: '^^mdTable',","    restrict: 'A',","    scope: {},","    templateUrl: 'md-table-progress.html'","  };","}"],"l":{"3":2,"5":1,"7":1,"8":0,"9":0,"12":0}},"/home/travis/build/npmtest/node-npmtest-angular-material-data-table/node_modules/angular-material-data-table/src/scripts/virtualPageSelect.js":{"path":"/home/travis/build/npmtest/node-npmtest-angular-material-data-table/node_modules/angular-material-data-table/src/scripts/virtualPageSelect.js","s":{"1":2,"2":1,"3":1,"4":0,"5":0,"6":0,"7":1,"8":0,"9":1,"10":0,"11":1,"12":0,"13":0,"14":0,"15":0,"16":0,"17":0,"18":0,"19":0,"20":0,"21":0,"22":0,"23":0,"24":0,"25":0,"26":0},"b":{"1":[0,0],"2":[0,0],"3":[0,0],"4":[0,0]},"f":{"1":0,"2":0,"3":0,"4":0,"5":0,"6":0,"7":0,"8":0,"9":0},"fnMap":{"1":{"name":"virtualPageSelect","line":5,"loc":{"start":{"line":5,"column":0},"end":{"line":5,"column":29}}},"2":{"name":"Controller","line":7,"loc":{"start":{"line":7,"column":2},"end":{"line":7,"column":40}}},"3":{"name":"getMin","line":13,"loc":{"start":{"line":13,"column":4},"end":{"line":13,"column":34}}},"4":{"name":"isPositive","line":17,"loc":{"start":{"line":17,"column":4},"end":{"line":17,"column":32}}},"5":{"name":"setPages","line":21,"loc":{"start":{"line":21,"column":4},"end":{"line":21,"column":27}}},"6":{"name":"(anonymous_6)","line":31,"loc":{"start":{"line":31,"column":25},"end":{"line":31,"column":37}}},"7":{"name":"(anonymous_7)","line":33,"loc":{"start":{"line":33,"column":27},"end":{"line":33,"column":39}}},"8":{"name":"(anonymous_8)","line":39,"loc":{"start":{"line":39,"column":39},"end":{"line":39,"column":56}}},"9":{"name":"(anonymous_9)","line":43,"loc":{"start":{"line":43,"column":38},"end":{"line":43,"column":54}}}},"statementMap":{"1":{"start":{"line":3,"column":0},"end":{"line":3,"column":82}},"2":{"start":{"line":5,"column":0},"end":{"line":59,"column":1}},"3":{"start":{"line":7,"column":2},"end":{"line":48,"column":3}},"4":{"start":{"line":8,"column":4},"end":{"line":8,"column":20}},"5":{"start":{"line":9,"column":4},"end":{"line":9,"column":46}},"6":{"start":{"line":11,"column":4},"end":{"line":11,"column":20}},"7":{"start":{"line":13,"column":4},"end":{"line":15,"column":5}},"8":{"start":{"line":14,"column":6},"end":{"line":14,"column":79}},"9":{"start":{"line":17,"column":4},"end":{"line":19,"column":5}},"10":{"start":{"line":18,"column":6},"end":{"line":18,"column":24}},"11":{"start":{"line":21,"column":4},"end":{"line":29,"column":5}},"12":{"start":{"line":22,"column":6},"end":{"line":24,"column":7}},"13":{"start":{"line":23,"column":8},"end":{"line":23,"column":38}},"14":{"start":{"line":26,"column":6},"end":{"line":28,"column":7}},"15":{"start":{"line":27,"column":8},"end":{"line":27,"column":31}},"16":{"start":{"line":31,"column":4},"end":{"line":37,"column":7}},"17":{"start":{"line":32,"column":6},"end":{"line":36,"column":7}},"18":{"start":{"line":33,"column":8},"end":{"line":35,"column":11}},"19":{"start":{"line":34,"column":10},"end":{"line":34,"column":63}},"20":{"start":{"line":39,"column":4},"end":{"line":41,"column":7}},"21":{"start":{"line":40,"column":6},"end":{"line":40,"column":63}},"22":{"start":{"line":43,"column":4},"end":{"line":47,"column":7}},"23":{"start":{"line":44,"column":6},"end":{"line":46,"column":7}},"24":{"start":{"line":45,"column":8},"end":{"line":45,"column":31}},"25":{"start":{"line":50,"column":2},"end":{"line":50,"column":46}},"26":{"start":{"line":52,"column":2},"end":{"line":58,"column":4}}},"branchMap":{"1":{"line":14,"type":"cond-expr","locations":[{"start":{"line":14,"column":68},"end":{"line":14,"column":73}},{"start":{"line":14,"column":76},"end":{"line":14,"column":77}}]},"2":{"line":14,"type":"binary-expr","locations":[{"start":{"line":14,"column":29},"end":{"line":14,"column":44}},{"start":{"line":14,"column":48},"end":{"line":14,"column":65}}]},"3":{"line":22,"type":"if","locations":[{"start":{"line":22,"column":6},"end":{"line":22,"column":6}},{"start":{"line":22,"column":6},"end":{"line":22,"column":6}}]},"4":{"line":32,"type":"if","locations":[{"start":{"line":32,"column":6},"end":{"line":32,"column":6}},{"start":{"line":32,"column":6},"end":{"line":32,"column":6}}]}},"code":["'use strict';","","angular.module('md.data.table').directive('virtualPageSelect', virtualPageSelect);","","function virtualPageSelect() {","","  function Controller($element, $scope) {","    var self = this;","    var content = $element.find('md-content');","","    self.pages = [];","","    function getMin(pages, total) {","      return Math.min(pages, isFinite(total) && isPositive(total) ? total : 1);","    }","","    function isPositive(number) {","      return number > 0;","    }","","    function setPages(max) {","      if(self.pages.length > max) {","        return self.pages.splice(max);","      }","","      for(var i = self.pages.length; i < max; i++) {","        self.pages.push(i + 1);","      }","    }","","    content.on('scroll', function () {","      if((content.prop('clientHeight') + content.prop('scrollTop')) >= content.prop('scrollHeight')) {","        $scope.$applyAsync(function () {","          setPages(getMin(self.pages.length + 10, self.total));","        });","      }","    });","","    $scope.$watch('$pageSelect.total', function (total) {","      setPages(getMin(Math.max(self.pages.length, 10), total));","    });","","    $scope.$watch('$pagination.page', function (page) {","      for(var i = self.pages.length; i < page; i++) {","        self.pages.push(i + 1);","      }","    });","  }","","  Controller.$inject = ['$element', '$scope'];","","  return {","    bindToController: {","      total: '@'","    },","    controller: Controller,","    controllerAs: '$pageSelect'","  };","}"],"l":{"3":2,"5":1,"7":1,"8":0,"9":0,"11":0,"13":1,"14":0,"17":1,"18":0,"21":1,"22":0,"23":0,"26":0,"27":0,"31":0,"32":0,"33":0,"34":0,"39":0,"40":0,"43":0,"44":0,"45":0,"50":0,"52":0}}}